{"E:\\Hactiv8\\Phase3\\final-project\\server\\services\\mongo\\app.js": {"path":"E:\\Hactiv8\\Phase3\\final-project\\server\\services\\mongo\\app.js","statementMap":{"0":{"start":{"line":1,"column":0},"end":{"line":1,"column":27}},"1":{"start":{"line":2,"column":16},"end":{"line":2,"column":34}},"2":{"start":{"line":3,"column":15},"end":{"line":3,"column":34}},"3":{"start":{"line":4,"column":13},"end":{"line":4,"column":28}},"4":{"start":{"line":5,"column":21},"end":{"line":5,"column":58}},"5":{"start":{"line":6,"column":12},"end":{"line":6,"column":21}},"6":{"start":{"line":8,"column":0},"end":{"line":8,"column":15}},"7":{"start":{"line":9,"column":0},"end":{"line":9,"column":23}},"8":{"start":{"line":10,"column":0},"end":{"line":10,"column":47}},"9":{"start":{"line":12,"column":0},"end":{"line":12,"column":15}},"10":{"start":{"line":14,"column":0},"end":{"line":14,"column":21}},"11":{"start":{"line":16,"column":0},"end":{"line":16,"column":20}}},"fnMap":{},"branchMap":{},"s":{"0":1,"1":1,"2":1,"3":1,"4":1,"5":1,"6":1,"7":1,"8":1,"9":1,"10":1,"11":1},"f":{},"b":{},"_coverageSchema":"1a1c01bbd47fc00a2c39e90264f33305004495a9","hash":"70ae934f7f736b487e266ad3825eb3dadf240402"}
,"E:\\Hactiv8\\Phase3\\final-project\\server\\services\\mongo\\config\\mongo.js": {"path":"E:\\Hactiv8\\Phase3\\final-project\\server\\services\\mongo\\config\\mongo.js","statementMap":{"0":{"start":{"line":1,"column":24},"end":{"line":1,"column":42}},"1":{"start":{"line":3,"column":12},"end":{"line":3,"column":38}},"2":{"start":{"line":4,"column":15},"end":{"line":4,"column":35}},"3":{"start":{"line":5,"column":15},"end":{"line":5,"column":28}},"4":{"start":{"line":6,"column":19},"end":{"line":6,"column":37}},"5":{"start":{"line":8,"column":9},"end":{"line":8,"column":11}},"6":{"start":{"line":11,"column":16},"end":{"line":15,"column":1}},"7":{"start":{"line":12,"column":2},"end":{"line":12,"column":25}},"8":{"start":{"line":13,"column":2},"end":{"line":13,"column":41}},"9":{"start":{"line":14,"column":2},"end":{"line":14,"column":12}},"10":{"start":{"line":38,"column":14},"end":{"line":40,"column":1}},"11":{"start":{"line":39,"column":2},"end":{"line":39,"column":12}},"12":{"start":{"line":41,"column":21},"end":{"line":44,"column":1}},"13":{"start":{"line":42,"column":18},"end":{"line":42,"column":39}},"14":{"start":{"line":43,"column":2},"end":{"line":43,"column":44}},"15":{"start":{"line":50,"column":0},"end":{"line":58,"column":2}}},"fnMap":{"0":{"name":"(anonymous_0)","decl":{"start":{"line":11,"column":16},"end":{"line":11,"column":17}},"loc":{"start":{"line":11,"column":40},"end":{"line":15,"column":1}},"line":11},"1":{"name":"(anonymous_1)","decl":{"start":{"line":38,"column":14},"end":{"line":38,"column":15}},"loc":{"start":{"line":38,"column":20},"end":{"line":40,"column":1}},"line":38},"2":{"name":"(anonymous_2)","decl":{"start":{"line":41,"column":21},"end":{"line":41,"column":22}},"loc":{"start":{"line":41,"column":27},"end":{"line":44,"column":1}},"line":41}},"branchMap":{"0":{"loc":{"start":{"line":13,"column":17},"end":{"line":13,"column":39}},"type":"binary-expr","locations":[{"start":{"line":13,"column":17},"end":{"line":13,"column":29}},{"start":{"line":13,"column":33},"end":{"line":13,"column":39}}],"line":13}},"s":{"0":1,"1":1,"2":1,"3":1,"4":1,"5":1,"6":1,"7":146,"8":146,"9":146,"10":1,"11":445,"12":1,"13":9,"14":9,"15":1},"f":{"0":146,"1":445,"2":9},"b":{"0":[146,0]},"_coverageSchema":"1a1c01bbd47fc00a2c39e90264f33305004495a9","hash":"4b6cf18b9160cda083a60185fd04972025ecb7fe"}
,"E:\\Hactiv8\\Phase3\\final-project\\server\\services\\mongo\\controller\\controller.js": {"path":"E:\\Hactiv8\\Phase3\\final-project\\server\\services\\mongo\\controller\\controller.js","statementMap":{"0":{"start":{"line":1,"column":42},"end":{"line":1,"column":70}},"1":{"start":{"line":2,"column":22},"end":{"line":2,"column":47}},"2":{"start":{"line":3,"column":15},"end":{"line":3,"column":42}},"3":{"start":{"line":4,"column":16},"end":{"line":4,"column":44}},"4":{"start":{"line":5,"column":13},"end":{"line":5,"column":38}},"5":{"start":{"line":6,"column":17},"end":{"line":6,"column":46}},"6":{"start":{"line":7,"column":15},"end":{"line":7,"column":42}},"7":{"start":{"line":8,"column":25},"end":{"line":8,"column":55}},"8":{"start":{"line":9,"column":21},"end":{"line":9,"column":39}},"9":{"start":{"line":10,"column":25},"end":{"line":10,"column":51}},"10":{"start":{"line":11,"column":17},"end":{"line":11,"column":46}},"11":{"start":{"line":12,"column":19},"end":{"line":12,"column":50}},"12":{"start":{"line":13,"column":13},"end":{"line":13,"column":38}},"13":{"start":{"line":14,"column":23},"end":{"line":14,"column":49}},"14":{"start":{"line":15,"column":16},"end":{"line":15,"column":44}},"15":{"start":{"line":16,"column":15},"end":{"line":16,"column":42}},"16":{"start":{"line":17,"column":19},"end":{"line":17,"column":43}},"17":{"start":{"line":19,"column":0},"end":{"line":23,"column":3}},"18":{"start":{"line":27,"column":4},"end":{"line":34,"column":5}},"19":{"start":{"line":28,"column":23},"end":{"line":28,"column":25}},"20":{"start":{"line":29,"column":17},"end":{"line":29,"column":19}},"21":{"start":{"line":31,"column":6},"end":{"line":31,"column":57}},"22":{"start":{"line":33,"column":6},"end":{"line":33,"column":18}},"23":{"start":{"line":37,"column":4},"end":{"line":41,"column":5}},"24":{"start":{"line":38,"column":6},"end":{"line":38,"column":73}},"25":{"start":{"line":40,"column":6},"end":{"line":40,"column":16}},"26":{"start":{"line":45,"column":4},"end":{"line":85,"column":5}},"27":{"start":{"line":46,"column":26},"end":{"line":81,"column":7}},"28":{"start":{"line":82,"column":6},"end":{"line":82,"column":41}},"29":{"start":{"line":84,"column":6},"end":{"line":84,"column":17}},"30":{"start":{"line":89,"column":4},"end":{"line":100,"column":5}},"31":{"start":{"line":90,"column":26},"end":{"line":90,"column":50}},"32":{"start":{"line":92,"column":6},"end":{"line":95,"column":8}},"33":{"start":{"line":93,"column":8},"end":{"line":93,"column":25}},"34":{"start":{"line":94,"column":8},"end":{"line":94,"column":17}},"35":{"start":{"line":97,"column":6},"end":{"line":97,"column":42}},"36":{"start":{"line":99,"column":6},"end":{"line":99,"column":16}},"37":{"start":{"line":104,"column":4},"end":{"line":213,"column":5}},"38":{"start":{"line":105,"column":64},"end":{"line":105,"column":72}},"39":{"start":{"line":106,"column":6},"end":{"line":108,"column":7}},"40":{"start":{"line":107,"column":8},"end":{"line":107,"column":41}},"41":{"start":{"line":109,"column":6},"end":{"line":111,"column":7}},"42":{"start":{"line":110,"column":8},"end":{"line":110,"column":38}},"43":{"start":{"line":112,"column":6},"end":{"line":114,"column":7}},"44":{"start":{"line":113,"column":8},"end":{"line":113,"column":41}},"45":{"start":{"line":115,"column":6},"end":{"line":117,"column":7}},"46":{"start":{"line":116,"column":8},"end":{"line":116,"column":44}},"47":{"start":{"line":118,"column":6},"end":{"line":120,"column":7}},"48":{"start":{"line":119,"column":8},"end":{"line":119,"column":40}},"49":{"start":{"line":123,"column":6},"end":{"line":127,"column":7}},"50":{"start":{"line":124,"column":8},"end":{"line":124,"column":20}},"51":{"start":{"line":126,"column":8},"end":{"line":126,"column":39}},"52":{"start":{"line":131,"column":27},"end":{"line":131,"column":77}},"53":{"start":{"line":132,"column":8},"end":{"line":132,"column":38}},"54":{"start":{"line":135,"column":6},"end":{"line":142,"column":7}},"55":{"start":{"line":136,"column":24},"end":{"line":136,"column":44}},"56":{"start":{"line":137,"column":8},"end":{"line":141,"column":9}},"57":{"start":{"line":138,"column":10},"end":{"line":138,"column":24}},"58":{"start":{"line":140,"column":10},"end":{"line":140,"column":41}},"59":{"start":{"line":145,"column":26},"end":{"line":180,"column":7}},"60":{"start":{"line":182,"column":27},"end":{"line":182,"column":34}},"61":{"start":{"line":183,"column":6},"end":{"line":185,"column":8}},"62":{"start":{"line":184,"column":8},"end":{"line":184,"column":27}},"63":{"start":{"line":187,"column":6},"end":{"line":191,"column":7}},"64":{"start":{"line":188,"column":8},"end":{"line":188,"column":33}},"65":{"start":{"line":190,"column":8},"end":{"line":190,"column":46}},"66":{"start":{"line":193,"column":20},"end":{"line":193,"column":40}},"67":{"start":{"line":194,"column":19},"end":{"line":194,"column":45}},"68":{"start":{"line":194,"column":27},"end":{"line":194,"column":45}},"69":{"start":{"line":195,"column":32},"end":{"line":195,"column":48}},"70":{"start":{"line":196,"column":6},"end":{"line":198,"column":7}},"71":{"start":{"line":197,"column":8},"end":{"line":197,"column":39}},"72":{"start":{"line":200,"column":19},"end":{"line":207,"column":8}},"73":{"start":{"line":208,"column":6},"end":{"line":210,"column":9}},"74":{"start":{"line":212,"column":6},"end":{"line":212,"column":16}},"75":{"start":{"line":217,"column":4},"end":{"line":237,"column":5}},"76":{"start":{"line":218,"column":34},"end":{"line":218,"column":42}},"77":{"start":{"line":219,"column":6},"end":{"line":221,"column":7}},"78":{"start":{"line":220,"column":8},"end":{"line":220,"column":38}},"79":{"start":{"line":222,"column":6},"end":{"line":224,"column":7}},"80":{"start":{"line":223,"column":8},"end":{"line":223,"column":41}},"81":{"start":{"line":225,"column":23},"end":{"line":225,"column":51}},"82":{"start":{"line":226,"column":6},"end":{"line":228,"column":7}},"83":{"start":{"line":227,"column":8},"end":{"line":227,"column":49}},"84":{"start":{"line":229,"column":26},"end":{"line":229,"column":70}},"85":{"start":{"line":230,"column":6},"end":{"line":232,"column":7}},"86":{"start":{"line":231,"column":8},"end":{"line":231,"column":49}},"87":{"start":{"line":233,"column":27},"end":{"line":233,"column":58}},"88":{"start":{"line":234,"column":6},"end":{"line":234,"column":80}},"89":{"start":{"line":236,"column":6},"end":{"line":236,"column":16}},"90":{"start":{"line":241,"column":4},"end":{"line":246,"column":5}},"91":{"start":{"line":242,"column":19},"end":{"line":242,"column":39}},"92":{"start":{"line":243,"column":6},"end":{"line":243,"column":33}},"93":{"start":{"line":245,"column":6},"end":{"line":245,"column":16}},"94":{"start":{"line":250,"column":4},"end":{"line":259,"column":5}},"95":{"start":{"line":251,"column":17},"end":{"line":251,"column":27}},"96":{"start":{"line":252,"column":23},"end":{"line":252,"column":46}},"97":{"start":{"line":253,"column":6},"end":{"line":255,"column":7}},"98":{"start":{"line":254,"column":8},"end":{"line":254,"column":41}},"99":{"start":{"line":256,"column":6},"end":{"line":256,"column":37}},"100":{"start":{"line":258,"column":6},"end":{"line":258,"column":16}},"101":{"start":{"line":263,"column":4},"end":{"line":272,"column":5}},"102":{"start":{"line":264,"column":21},"end":{"line":264,"column":29}},"103":{"start":{"line":265,"column":23},"end":{"line":265,"column":60}},"104":{"start":{"line":266,"column":6},"end":{"line":268,"column":7}},"105":{"start":{"line":267,"column":8},"end":{"line":267,"column":41}},"106":{"start":{"line":269,"column":6},"end":{"line":269,"column":37}},"107":{"start":{"line":271,"column":6},"end":{"line":271,"column":16}},"108":{"start":{"line":276,"column":4},"end":{"line":285,"column":5}},"109":{"start":{"line":277,"column":21},"end":{"line":277,"column":29}},"110":{"start":{"line":278,"column":23},"end":{"line":278,"column":60}},"111":{"start":{"line":279,"column":6},"end":{"line":281,"column":7}},"112":{"start":{"line":280,"column":8},"end":{"line":280,"column":41}},"113":{"start":{"line":282,"column":6},"end":{"line":282,"column":37}},"114":{"start":{"line":284,"column":6},"end":{"line":284,"column":16}},"115":{"start":{"line":289,"column":4},"end":{"line":312,"column":5}},"116":{"start":{"line":290,"column":17},"end":{"line":290,"column":28}},"117":{"start":{"line":291,"column":54},"end":{"line":291,"column":62}},"118":{"start":{"line":292,"column":6},"end":{"line":294,"column":7}},"119":{"start":{"line":293,"column":8},"end":{"line":293,"column":41}},"120":{"start":{"line":295,"column":6},"end":{"line":297,"column":7}},"121":{"start":{"line":296,"column":8},"end":{"line":296,"column":38}},"122":{"start":{"line":298,"column":6},"end":{"line":300,"column":7}},"123":{"start":{"line":299,"column":8},"end":{"line":299,"column":44}},"124":{"start":{"line":301,"column":6},"end":{"line":303,"column":7}},"125":{"start":{"line":302,"column":8},"end":{"line":302,"column":40}},"126":{"start":{"line":304,"column":27},"end":{"line":306,"column":8}},"127":{"start":{"line":307,"column":6},"end":{"line":309,"column":76}},"128":{"start":{"line":311,"column":6},"end":{"line":311,"column":16}},"129":{"start":{"line":316,"column":4},"end":{"line":329,"column":5}},"130":{"start":{"line":317,"column":21},"end":{"line":317,"column":29}},"131":{"start":{"line":318,"column":23},"end":{"line":318,"column":31}},"132":{"start":{"line":319,"column":6},"end":{"line":321,"column":7}},"133":{"start":{"line":320,"column":8},"end":{"line":320,"column":37}},"134":{"start":{"line":322,"column":27},"end":{"line":322,"column":78}},"135":{"start":{"line":323,"column":6},"end":{"line":326,"column":9}},"136":{"start":{"line":328,"column":6},"end":{"line":328,"column":16}},"137":{"start":{"line":333,"column":4},"end":{"line":350,"column":5}},"138":{"start":{"line":334,"column":26},"end":{"line":334,"column":34}},"139":{"start":{"line":335,"column":28},"end":{"line":335,"column":38}},"140":{"start":{"line":336,"column":6},"end":{"line":338,"column":7}},"141":{"start":{"line":337,"column":8},"end":{"line":337,"column":42}},"142":{"start":{"line":339,"column":23},"end":{"line":343,"column":8}},"143":{"start":{"line":344,"column":6},"end":{"line":347,"column":9}},"144":{"start":{"line":349,"column":6},"end":{"line":349,"column":16}},"145":{"start":{"line":354,"column":4},"end":{"line":359,"column":5}},"146":{"start":{"line":355,"column":22},"end":{"line":355,"column":44}},"147":{"start":{"line":356,"column":6},"end":{"line":356,"column":24}},"148":{"start":{"line":358,"column":6},"end":{"line":358,"column":16}},"149":{"start":{"line":363,"column":4},"end":{"line":372,"column":5}},"150":{"start":{"line":364,"column":21},"end":{"line":364,"column":31}},"151":{"start":{"line":365,"column":21},"end":{"line":365,"column":54}},"152":{"start":{"line":366,"column":6},"end":{"line":368,"column":7}},"153":{"start":{"line":367,"column":8},"end":{"line":367,"column":43}},"154":{"start":{"line":369,"column":6},"end":{"line":369,"column":60}},"155":{"start":{"line":371,"column":6},"end":{"line":371,"column":16}},"156":{"start":{"line":376,"column":4},"end":{"line":388,"column":5}},"157":{"start":{"line":377,"column":21},"end":{"line":377,"column":31}},"158":{"start":{"line":378,"column":26},"end":{"line":378,"column":34}},"159":{"start":{"line":379,"column":6},"end":{"line":381,"column":7}},"160":{"start":{"line":380,"column":8},"end":{"line":380,"column":42}},"161":{"start":{"line":382,"column":27},"end":{"line":384,"column":8}},"162":{"start":{"line":385,"column":6},"end":{"line":385,"column":46}},"163":{"start":{"line":387,"column":6},"end":{"line":387,"column":16}},"164":{"start":{"line":392,"column":4},"end":{"line":456,"column":5}},"165":{"start":{"line":393,"column":66},"end":{"line":393,"column":74}},"166":{"start":{"line":394,"column":6},"end":{"line":396,"column":7}},"167":{"start":{"line":395,"column":8},"end":{"line":395,"column":45}},"168":{"start":{"line":397,"column":6},"end":{"line":399,"column":7}},"169":{"start":{"line":398,"column":8},"end":{"line":398,"column":52}},"170":{"start":{"line":400,"column":6},"end":{"line":402,"column":7}},"171":{"start":{"line":401,"column":8},"end":{"line":401,"column":51}},"172":{"start":{"line":403,"column":6},"end":{"line":405,"column":7}},"173":{"start":{"line":404,"column":8},"end":{"line":404,"column":46}},"174":{"start":{"line":406,"column":30},"end":{"line":406,"column":44}},"175":{"start":{"line":408,"column":6},"end":{"line":453,"column":8}},"176":{"start":{"line":410,"column":27},"end":{"line":422,"column":12}},"177":{"start":{"line":424,"column":22},"end":{"line":437,"column":11}},"178":{"start":{"line":439,"column":10},"end":{"line":441,"column":11}},"179":{"start":{"line":440,"column":12},"end":{"line":440,"column":37}},"180":{"start":{"line":443,"column":10},"end":{"line":446,"column":13}},"181":{"start":{"line":455,"column":6},"end":{"line":455,"column":16}},"182":{"start":{"line":460,"column":4},"end":{"line":465,"column":5}},"183":{"start":{"line":461,"column":25},"end":{"line":461,"column":50}},"184":{"start":{"line":462,"column":6},"end":{"line":462,"column":39}},"185":{"start":{"line":464,"column":6},"end":{"line":464,"column":16}},"186":{"start":{"line":469,"column":4},"end":{"line":478,"column":5}},"187":{"start":{"line":470,"column":21},"end":{"line":470,"column":31}},"188":{"start":{"line":471,"column":29},"end":{"line":471,"column":55}},"189":{"start":{"line":472,"column":6},"end":{"line":474,"column":7}},"190":{"start":{"line":473,"column":8},"end":{"line":473,"column":44}},"191":{"start":{"line":475,"column":6},"end":{"line":475,"column":43}},"192":{"start":{"line":477,"column":6},"end":{"line":477,"column":16}},"193":{"start":{"line":482,"column":4},"end":{"line":492,"column":5}},"194":{"start":{"line":483,"column":21},"end":{"line":483,"column":31}},"195":{"start":{"line":484,"column":25},"end":{"line":484,"column":49}},"196":{"start":{"line":485,"column":6},"end":{"line":487,"column":7}},"197":{"start":{"line":486,"column":8},"end":{"line":486,"column":44}},"198":{"start":{"line":488,"column":22},"end":{"line":488,"column":46}},"199":{"start":{"line":489,"column":6},"end":{"line":489,"column":76}},"200":{"start":{"line":491,"column":6},"end":{"line":491,"column":16}},"201":{"start":{"line":496,"column":4},"end":{"line":528,"column":5}},"202":{"start":{"line":497,"column":21},"end":{"line":497,"column":31}},"203":{"start":{"line":498,"column":48},"end":{"line":498,"column":56}},"204":{"start":{"line":499,"column":6},"end":{"line":501,"column":7}},"205":{"start":{"line":500,"column":8},"end":{"line":500,"column":45}},"206":{"start":{"line":502,"column":6},"end":{"line":504,"column":7}},"207":{"start":{"line":503,"column":8},"end":{"line":503,"column":52}},"208":{"start":{"line":505,"column":6},"end":{"line":507,"column":7}},"209":{"start":{"line":506,"column":8},"end":{"line":506,"column":51}},"210":{"start":{"line":509,"column":26},"end":{"line":511,"column":8}},"211":{"start":{"line":513,"column":33},"end":{"line":515,"column":8}},"212":{"start":{"line":517,"column":32},"end":{"line":519,"column":8}},"213":{"start":{"line":521,"column":6},"end":{"line":523,"column":7}},"214":{"start":{"line":522,"column":8},"end":{"line":522,"column":40}},"215":{"start":{"line":525,"column":6},"end":{"line":525,"column":63}},"216":{"start":{"line":527,"column":6},"end":{"line":527,"column":16}},"217":{"start":{"line":532,"column":4},"end":{"line":561,"column":5}},"218":{"start":{"line":533,"column":21},"end":{"line":533,"column":31}},"219":{"start":{"line":534,"column":25},"end":{"line":534,"column":33}},"220":{"start":{"line":536,"column":32},"end":{"line":542,"column":7}},"221":{"start":{"line":544,"column":6},"end":{"line":546,"column":7}},"222":{"start":{"line":545,"column":8},"end":{"line":545,"column":48}},"223":{"start":{"line":548,"column":29},"end":{"line":550,"column":8}},"224":{"start":{"line":552,"column":6},"end":{"line":554,"column":7}},"225":{"start":{"line":553,"column":8},"end":{"line":553,"column":44}},"226":{"start":{"line":556,"column":6},"end":{"line":558,"column":71}},"227":{"start":{"line":560,"column":6},"end":{"line":560,"column":16}},"228":{"start":{"line":565,"column":4},"end":{"line":570,"column":5}},"229":{"start":{"line":566,"column":24},"end":{"line":566,"column":46}},"230":{"start":{"line":567,"column":6},"end":{"line":567,"column":38}},"231":{"start":{"line":569,"column":6},"end":{"line":569,"column":16}},"232":{"start":{"line":574,"column":4},"end":{"line":615,"column":5}},"233":{"start":{"line":575,"column":45},"end":{"line":575,"column":53}},"234":{"start":{"line":577,"column":26},"end":{"line":577,"column":119}},"235":{"start":{"line":578,"column":6},"end":{"line":580,"column":7}},"236":{"start":{"line":579,"column":8},"end":{"line":579,"column":71}},"237":{"start":{"line":582,"column":6},"end":{"line":584,"column":7}},"238":{"start":{"line":583,"column":8},"end":{"line":583,"column":75}},"239":{"start":{"line":586,"column":6},"end":{"line":588,"column":7}},"240":{"start":{"line":587,"column":8},"end":{"line":587,"column":75}},"241":{"start":{"line":590,"column":6},"end":{"line":590,"column":34}},"242":{"start":{"line":592,"column":6},"end":{"line":596,"column":7}},"243":{"start":{"line":593,"column":8},"end":{"line":595,"column":72}},"244":{"start":{"line":598,"column":27},"end":{"line":598,"column":75}},"245":{"start":{"line":600,"column":6},"end":{"line":602,"column":7}},"246":{"start":{"line":601,"column":8},"end":{"line":601,"column":72}},"247":{"start":{"line":604,"column":26},"end":{"line":608,"column":8}},"248":{"start":{"line":610,"column":6},"end":{"line":612,"column":79}},"249":{"start":{"line":614,"column":6},"end":{"line":614,"column":16}},"250":{"start":{"line":619,"column":4},"end":{"line":657,"column":5}},"251":{"start":{"line":620,"column":45},"end":{"line":620,"column":53}},"252":{"start":{"line":622,"column":6},"end":{"line":624,"column":7}},"253":{"start":{"line":623,"column":8},"end":{"line":623,"column":71}},"254":{"start":{"line":626,"column":6},"end":{"line":628,"column":7}},"255":{"start":{"line":627,"column":8},"end":{"line":627,"column":75}},"256":{"start":{"line":630,"column":6},"end":{"line":632,"column":7}},"257":{"start":{"line":631,"column":8},"end":{"line":631,"column":75}},"258":{"start":{"line":634,"column":6},"end":{"line":634,"column":34}},"259":{"start":{"line":636,"column":6},"end":{"line":640,"column":7}},"260":{"start":{"line":637,"column":8},"end":{"line":639,"column":72}},"261":{"start":{"line":642,"column":27},"end":{"line":642,"column":75}},"262":{"start":{"line":644,"column":6},"end":{"line":646,"column":7}},"263":{"start":{"line":645,"column":8},"end":{"line":645,"column":72}},"264":{"start":{"line":648,"column":6},"end":{"line":652,"column":9}},"265":{"start":{"line":654,"column":6},"end":{"line":654,"column":62}},"266":{"start":{"line":656,"column":6},"end":{"line":656,"column":16}},"267":{"start":{"line":661,"column":4},"end":{"line":671,"column":5}},"268":{"start":{"line":662,"column":21},"end":{"line":662,"column":31}},"269":{"start":{"line":663,"column":25},"end":{"line":663,"column":33}},"270":{"start":{"line":664,"column":6},"end":{"line":666,"column":7}},"271":{"start":{"line":665,"column":8},"end":{"line":665,"column":39}},"272":{"start":{"line":667,"column":24},"end":{"line":667,"column":79}},"273":{"start":{"line":668,"column":6},"end":{"line":668,"column":65}},"274":{"start":{"line":670,"column":6},"end":{"line":670,"column":16}},"275":{"start":{"line":675,"column":4},"end":{"line":691,"column":5}},"276":{"start":{"line":676,"column":23},"end":{"line":676,"column":31}},"277":{"start":{"line":677,"column":6},"end":{"line":679,"column":7}},"278":{"start":{"line":678,"column":8},"end":{"line":678,"column":42}},"279":{"start":{"line":680,"column":26},"end":{"line":680,"column":57}},"280":{"start":{"line":681,"column":6},"end":{"line":683,"column":7}},"281":{"start":{"line":682,"column":8},"end":{"line":682,"column":44}},"282":{"start":{"line":684,"column":21},"end":{"line":684,"column":58}},"283":{"start":{"line":685,"column":6},"end":{"line":688,"column":9}},"284":{"start":{"line":690,"column":6},"end":{"line":690,"column":16}},"285":{"start":{"line":695,"column":4},"end":{"line":700,"column":5}},"286":{"start":{"line":696,"column":26},"end":{"line":696,"column":50}},"287":{"start":{"line":697,"column":6},"end":{"line":697,"column":42}},"288":{"start":{"line":699,"column":6},"end":{"line":699,"column":16}},"289":{"start":{"line":704,"column":4},"end":{"line":711,"column":5}},"290":{"start":{"line":705,"column":21},"end":{"line":705,"column":31}},"291":{"start":{"line":706,"column":24},"end":{"line":706,"column":33}},"292":{"start":{"line":707,"column":26},"end":{"line":707,"column":66}},"293":{"start":{"line":708,"column":6},"end":{"line":708,"column":42}},"294":{"start":{"line":710,"column":6},"end":{"line":710,"column":16}},"295":{"start":{"line":715,"column":4},"end":{"line":727,"column":5}},"296":{"start":{"line":716,"column":19},"end":{"line":716,"column":29}},"297":{"start":{"line":717,"column":26},"end":{"line":717,"column":53}},"298":{"start":{"line":718,"column":6},"end":{"line":720,"column":7}},"299":{"start":{"line":719,"column":8},"end":{"line":719,"column":45}},"300":{"start":{"line":721,"column":6},"end":{"line":721,"column":32}},"301":{"start":{"line":722,"column":6},"end":{"line":724,"column":77}},"302":{"start":{"line":726,"column":6},"end":{"line":726,"column":16}},"303":{"start":{"line":731,"column":4},"end":{"line":736,"column":5}},"304":{"start":{"line":732,"column":29},"end":{"line":732,"column":57}},"305":{"start":{"line":733,"column":6},"end":{"line":733,"column":45}},"306":{"start":{"line":735,"column":6},"end":{"line":735,"column":18}},"307":{"start":{"line":740,"column":4},"end":{"line":746,"column":5}},"308":{"start":{"line":741,"column":19},"end":{"line":741,"column":29}},"309":{"start":{"line":742,"column":25},"end":{"line":742,"column":54}},"310":{"start":{"line":743,"column":6},"end":{"line":743,"column":41}},"311":{"start":{"line":745,"column":6},"end":{"line":745,"column":18}},"312":{"start":{"line":750,"column":4},"end":{"line":768,"column":5}},"313":{"start":{"line":751,"column":19},"end":{"line":751,"column":27}},"314":{"start":{"line":752,"column":27},"end":{"line":752,"column":35}},"315":{"start":{"line":754,"column":6},"end":{"line":757,"column":9}},"316":{"start":{"line":755,"column":8},"end":{"line":755,"column":25}},"317":{"start":{"line":756,"column":8},"end":{"line":756,"column":50}},"318":{"start":{"line":759,"column":17},"end":{"line":759,"column":19}},"319":{"start":{"line":760,"column":6},"end":{"line":763,"column":7}},"320":{"start":{"line":761,"column":29},"end":{"line":761,"column":58}},"321":{"start":{"line":762,"column":8},"end":{"line":762,"column":45}},"322":{"start":{"line":765,"column":6},"end":{"line":765,"column":73}},"323":{"start":{"line":767,"column":6},"end":{"line":767,"column":18}},"324":{"start":{"line":772,"column":4},"end":{"line":781,"column":5}},"325":{"start":{"line":773,"column":19},"end":{"line":773,"column":29}},"326":{"start":{"line":774,"column":21},"end":{"line":774,"column":48}},"327":{"start":{"line":775,"column":6},"end":{"line":777,"column":7}},"328":{"start":{"line":776,"column":8},"end":{"line":776,"column":62}},"329":{"start":{"line":778,"column":6},"end":{"line":778,"column":75}},"330":{"start":{"line":780,"column":6},"end":{"line":780,"column":18}},"331":{"start":{"line":784,"column":4},"end":{"line":789,"column":5}},"332":{"start":{"line":785,"column":18},"end":{"line":785,"column":38}},"333":{"start":{"line":786,"column":6},"end":{"line":786,"column":34}},"334":{"start":{"line":788,"column":6},"end":{"line":788,"column":18}},"335":{"start":{"line":793,"column":4},"end":{"line":811,"column":5}},"336":{"start":{"line":794,"column":19},"end":{"line":794,"column":27}},"337":{"start":{"line":795,"column":26},"end":{"line":795,"column":34}},"338":{"start":{"line":796,"column":6},"end":{"line":798,"column":7}},"339":{"start":{"line":797,"column":8},"end":{"line":797,"column":42}},"340":{"start":{"line":799,"column":17},"end":{"line":802,"column":7}},"341":{"start":{"line":804,"column":27},"end":{"line":804,"column":50}},"342":{"start":{"line":806,"column":6},"end":{"line":808,"column":74}},"343":{"start":{"line":810,"column":6},"end":{"line":810,"column":18}},"344":{"start":{"line":815,"column":4},"end":{"line":831,"column":5}},"345":{"start":{"line":816,"column":19},"end":{"line":816,"column":27}},"346":{"start":{"line":817,"column":26},"end":{"line":817,"column":34}},"347":{"start":{"line":818,"column":6},"end":{"line":820,"column":7}},"348":{"start":{"line":819,"column":8},"end":{"line":819,"column":42}},"349":{"start":{"line":821,"column":21},"end":{"line":821,"column":53}},"350":{"start":{"line":823,"column":26},"end":{"line":823,"column":80}},"351":{"start":{"line":824,"column":6},"end":{"line":826,"column":7}},"352":{"start":{"line":825,"column":8},"end":{"line":825,"column":41}},"353":{"start":{"line":828,"column":6},"end":{"line":828,"column":68}},"354":{"start":{"line":830,"column":6},"end":{"line":830,"column":18}},"355":{"start":{"line":835,"column":4},"end":{"line":840,"column":5}},"356":{"start":{"line":836,"column":20},"end":{"line":836,"column":46}},"357":{"start":{"line":837,"column":6},"end":{"line":837,"column":34}},"358":{"start":{"line":839,"column":6},"end":{"line":839,"column":18}},"359":{"start":{"line":844,"column":4},"end":{"line":853,"column":5}},"360":{"start":{"line":845,"column":21},"end":{"line":845,"column":31}},"361":{"start":{"line":846,"column":20},"end":{"line":846,"column":47}},"362":{"start":{"line":847,"column":6},"end":{"line":849,"column":7}},"363":{"start":{"line":848,"column":8},"end":{"line":848,"column":42}},"364":{"start":{"line":850,"column":6},"end":{"line":850,"column":34}},"365":{"start":{"line":852,"column":6},"end":{"line":852,"column":18}},"366":{"start":{"line":857,"column":4},"end":{"line":875,"column":5}},"367":{"start":{"line":858,"column":21},"end":{"line":858,"column":31}},"368":{"start":{"line":859,"column":48},"end":{"line":859,"column":56}},"369":{"start":{"line":860,"column":6},"end":{"line":862,"column":7}},"370":{"start":{"line":861,"column":8},"end":{"line":861,"column":37}},"371":{"start":{"line":863,"column":6},"end":{"line":865,"column":7}},"372":{"start":{"line":864,"column":8},"end":{"line":864,"column":41}},"373":{"start":{"line":866,"column":6},"end":{"line":868,"column":7}},"374":{"start":{"line":867,"column":8},"end":{"line":867,"column":43}},"375":{"start":{"line":869,"column":20},"end":{"line":871,"column":8}},"376":{"start":{"line":872,"column":6},"end":{"line":872,"column":70}},"377":{"start":{"line":874,"column":6},"end":{"line":874,"column":18}},"378":{"start":{"line":879,"column":4},"end":{"line":889,"column":5}},"379":{"start":{"line":880,"column":21},"end":{"line":880,"column":31}},"380":{"start":{"line":881,"column":23},"end":{"line":881,"column":50}},"381":{"start":{"line":882,"column":6},"end":{"line":884,"column":7}},"382":{"start":{"line":883,"column":8},"end":{"line":883,"column":42}},"383":{"start":{"line":885,"column":20},"end":{"line":885,"column":45}},"384":{"start":{"line":886,"column":6},"end":{"line":886,"column":74}},"385":{"start":{"line":888,"column":6},"end":{"line":888,"column":18}},"386":{"start":{"line":893,"column":4},"end":{"line":933,"column":5}},"387":{"start":{"line":894,"column":24},"end":{"line":894,"column":32}},"388":{"start":{"line":895,"column":6},"end":{"line":897,"column":7}},"389":{"start":{"line":896,"column":8},"end":{"line":896,"column":38}},"390":{"start":{"line":899,"column":28},"end":{"line":899,"column":38}},"391":{"start":{"line":900,"column":22},"end":{"line":900,"column":55}},"392":{"start":{"line":902,"column":6},"end":{"line":906,"column":7}},"393":{"start":{"line":905,"column":8},"end":{"line":905,"column":48}},"394":{"start":{"line":908,"column":17},"end":{"line":912,"column":8}},"395":{"start":{"line":914,"column":22},"end":{"line":927,"column":7}},"396":{"start":{"line":929,"column":28},"end":{"line":929,"column":67}},"397":{"start":{"line":930,"column":6},"end":{"line":930,"column":42}},"398":{"start":{"line":932,"column":6},"end":{"line":932,"column":18}},"399":{"start":{"line":938,"column":24},"end":{"line":938,"column":75}},"400":{"start":{"line":939,"column":4},"end":{"line":1019,"column":5}},"401":{"start":{"line":940,"column":26},"end":{"line":940,"column":34}},"402":{"start":{"line":943,"column":8},"end":{"line":943,"column":77}},"403":{"start":{"line":945,"column":8},"end":{"line":945,"column":77}},"404":{"start":{"line":947,"column":28},"end":{"line":947,"column":87}},"405":{"start":{"line":951,"column":6},"end":{"line":953,"column":7}},"406":{"start":{"line":952,"column":8},"end":{"line":952,"column":72}},"407":{"start":{"line":955,"column":25},"end":{"line":955,"column":58}},"408":{"start":{"line":957,"column":6},"end":{"line":961,"column":7}},"409":{"start":{"line":958,"column":8},"end":{"line":960,"column":61}},"410":{"start":{"line":963,"column":26},"end":{"line":963,"column":86}},"411":{"start":{"line":964,"column":6},"end":{"line":978,"column":7}},"412":{"start":{"line":965,"column":23},"end":{"line":975,"column":10}},"413":{"start":{"line":966,"column":10},"end":{"line":974,"column":28}},"414":{"start":{"line":968,"column":14},"end":{"line":972,"column":15}},"415":{"start":{"line":969,"column":16},"end":{"line":969,"column":30}},"416":{"start":{"line":971,"column":16},"end":{"line":971,"column":29}},"417":{"start":{"line":976,"column":8},"end":{"line":976,"column":47}},"418":{"start":{"line":977,"column":28},"end":{"line":977,"column":91}},"419":{"start":{"line":980,"column":6},"end":{"line":999,"column":7}},"420":{"start":{"line":981,"column":23},"end":{"line":996,"column":10}},"421":{"start":{"line":982,"column":10},"end":{"line":995,"column":28}},"422":{"start":{"line":988,"column":16},"end":{"line":992,"column":17}},"423":{"start":{"line":989,"column":18},"end":{"line":989,"column":32}},"424":{"start":{"line":991,"column":18},"end":{"line":991,"column":31}},"425":{"start":{"line":997,"column":8},"end":{"line":997,"column":47}},"426":{"start":{"line":998,"column":28},"end":{"line":998,"column":91}},"427":{"start":{"line":1001,"column":18},"end":{"line":1005,"column":7}},"428":{"start":{"line":1007,"column":6},"end":{"line":1007,"column":34}},"429":{"start":{"line":1009,"column":26},"end":{"line":1009,"column":82}},"430":{"start":{"line":1010,"column":6},"end":{"line":1014,"column":9}},"431":{"start":{"line":1017,"column":6},"end":{"line":1017,"column":17}},"432":{"start":{"line":1023,"column":4},"end":{"line":1044,"column":5}},"433":{"start":{"line":1024,"column":45},"end":{"line":1024,"column":53}},"434":{"start":{"line":1025,"column":6},"end":{"line":1027,"column":7}},"435":{"start":{"line":1026,"column":8},"end":{"line":1026,"column":50}},"436":{"start":{"line":1028,"column":6},"end":{"line":1028,"column":34}},"437":{"start":{"line":1029,"column":6},"end":{"line":1031,"column":7}},"438":{"start":{"line":1030,"column":8},"end":{"line":1030,"column":48}},"439":{"start":{"line":1032,"column":21},"end":{"line":1037,"column":8}},"440":{"start":{"line":1039,"column":6},"end":{"line":1041,"column":74}},"441":{"start":{"line":1043,"column":6},"end":{"line":1043,"column":18}},"442":{"start":{"line":1048,"column":4},"end":{"line":1054,"column":5}},"443":{"start":{"line":1049,"column":21},"end":{"line":1049,"column":29}},"444":{"start":{"line":1050,"column":22},"end":{"line":1050,"column":53}},"445":{"start":{"line":1051,"column":6},"end":{"line":1051,"column":50}},"446":{"start":{"line":1053,"column":6},"end":{"line":1053,"column":18}},"447":{"start":{"line":1058,"column":4},"end":{"line":1074,"column":5}},"448":{"start":{"line":1059,"column":28},"end":{"line":1059,"column":38}},"449":{"start":{"line":1060,"column":19},"end":{"line":1060,"column":29}},"450":{"start":{"line":1061,"column":34},"end":{"line":1066,"column":7}},"451":{"start":{"line":1068,"column":6},"end":{"line":1070,"column":7}},"452":{"start":{"line":1069,"column":8},"end":{"line":1069,"column":45}},"453":{"start":{"line":1071,"column":6},"end":{"line":1071,"column":72}},"454":{"start":{"line":1073,"column":6},"end":{"line":1073,"column":18}},"455":{"start":{"line":1078,"column":4},"end":{"line":1102,"column":5}},"456":{"start":{"line":1079,"column":32},"end":{"line":1079,"column":40}},"457":{"start":{"line":1081,"column":30},"end":{"line":1084,"column":7}},"458":{"start":{"line":1086,"column":6},"end":{"line":1088,"column":7}},"459":{"start":{"line":1087,"column":8},"end":{"line":1087,"column":56}},"460":{"start":{"line":1090,"column":6},"end":{"line":1095,"column":7}},"461":{"start":{"line":1091,"column":25},"end":{"line":1093,"column":10}},"462":{"start":{"line":1094,"column":28},"end":{"line":1094,"column":103}},"463":{"start":{"line":1097,"column":6},"end":{"line":1099,"column":78}},"464":{"start":{"line":1101,"column":6},"end":{"line":1101,"column":18}},"465":{"start":{"line":1106,"column":0},"end":{"line":1106,"column":28}},"466":{"start":{"line":1113,"column":38},"end":{"line":1113,"column":37584}},"467":{"start":{"line":1113,"column":42},"end":{"line":1113,"column":37573}},"468":{"start":{"line":1113,"column":37609},"end":{"line":1113,"column":37649}},"469":{"start":{"line":1113,"column":37613},"end":{"line":1113,"column":37638}},"470":{"start":{"line":1113,"column":37650},"end":{"line":1113,"column":37658}},"471":{"start":{"line":1113,"column":37683},"end":{"line":1113,"column":37725}},"472":{"start":{"line":1113,"column":37687},"end":{"line":1113,"column":37714}},"473":{"start":{"line":1113,"column":37726},"end":{"line":1113,"column":37734}},"474":{"start":{"line":1113,"column":37753},"end":{"line":1113,"column":37790}},"475":{"start":{"line":1113,"column":37757},"end":{"line":1113,"column":37779}},"476":{"start":{"line":1113,"column":37809},"end":{"line":1113,"column":37849}},"477":{"start":{"line":1113,"column":37813},"end":{"line":1113,"column":37838}}},"fnMap":{"0":{"name":"(anonymous_0)","decl":{"start":{"line":26,"column":2},"end":{"line":26,"column":3}},"loc":{"start":{"line":26,"column":46},"end":{"line":35,"column":3}},"line":26},"1":{"name":"(anonymous_1)","decl":{"start":{"line":36,"column":2},"end":{"line":36,"column":3}},"loc":{"start":{"line":36,"column":36},"end":{"line":42,"column":3}},"line":36},"2":{"name":"(anonymous_2)","decl":{"start":{"line":44,"column":2},"end":{"line":44,"column":3}},"loc":{"start":{"line":44,"column":43},"end":{"line":86,"column":3}},"line":44},"3":{"name":"(anonymous_3)","decl":{"start":{"line":88,"column":2},"end":{"line":88,"column":3}},"loc":{"start":{"line":88,"column":48},"end":{"line":101,"column":3}},"line":88},"4":{"name":"(anonymous_4)","decl":{"start":{"line":92,"column":24},"end":{"line":92,"column":25}},"loc":{"start":{"line":92,"column":30},"end":{"line":95,"column":7}},"line":92},"5":{"name":"(anonymous_5)","decl":{"start":{"line":103,"column":2},"end":{"line":103,"column":3}},"loc":{"start":{"line":103,"column":40},"end":{"line":214,"column":3}},"line":103},"6":{"name":"validateEmail","decl":{"start":{"line":130,"column":15},"end":{"line":130,"column":28}},"loc":{"start":{"line":130,"column":36},"end":{"line":133,"column":7}},"line":130},"7":{"name":"(anonymous_7)","decl":{"start":{"line":183,"column":55},"end":{"line":183,"column":56}},"loc":{"start":{"line":184,"column":8},"end":{"line":184,"column":27}},"line":184},"8":{"name":"(anonymous_8)","decl":{"start":{"line":194,"column":19},"end":{"line":194,"column":20}},"loc":{"start":{"line":194,"column":27},"end":{"line":194,"column":45}},"line":194},"9":{"name":"(anonymous_9)","decl":{"start":{"line":216,"column":2},"end":{"line":216,"column":3}},"loc":{"start":{"line":216,"column":37},"end":{"line":238,"column":3}},"line":216},"10":{"name":"(anonymous_10)","decl":{"start":{"line":240,"column":2},"end":{"line":240,"column":3}},"loc":{"start":{"line":240,"column":39},"end":{"line":247,"column":3}},"line":240},"11":{"name":"(anonymous_11)","decl":{"start":{"line":249,"column":2},"end":{"line":249,"column":3}},"loc":{"start":{"line":249,"column":43},"end":{"line":260,"column":3}},"line":249},"12":{"name":"(anonymous_12)","decl":{"start":{"line":262,"column":2},"end":{"line":262,"column":3}},"loc":{"start":{"line":262,"column":49},"end":{"line":273,"column":3}},"line":262},"13":{"name":"(anonymous_13)","decl":{"start":{"line":275,"column":2},"end":{"line":275,"column":3}},"loc":{"start":{"line":275,"column":47},"end":{"line":286,"column":3}},"line":275},"14":{"name":"(anonymous_14)","decl":{"start":{"line":288,"column":2},"end":{"line":288,"column":3}},"loc":{"start":{"line":288,"column":42},"end":{"line":313,"column":3}},"line":288},"15":{"name":"(anonymous_15)","decl":{"start":{"line":315,"column":2},"end":{"line":315,"column":3}},"loc":{"start":{"line":315,"column":46},"end":{"line":330,"column":3}},"line":315},"16":{"name":"(anonymous_16)","decl":{"start":{"line":332,"column":2},"end":{"line":332,"column":3}},"loc":{"start":{"line":332,"column":44},"end":{"line":351,"column":3}},"line":332},"17":{"name":"(anonymous_17)","decl":{"start":{"line":353,"column":2},"end":{"line":353,"column":3}},"loc":{"start":{"line":353,"column":42},"end":{"line":360,"column":3}},"line":353},"18":{"name":"(anonymous_18)","decl":{"start":{"line":362,"column":2},"end":{"line":362,"column":3}},"loc":{"start":{"line":362,"column":44},"end":{"line":373,"column":3}},"line":362},"19":{"name":"(anonymous_19)","decl":{"start":{"line":375,"column":2},"end":{"line":375,"column":3}},"loc":{"start":{"line":375,"column":42},"end":{"line":389,"column":3}},"line":375},"20":{"name":"(anonymous_20)","decl":{"start":{"line":391,"column":2},"end":{"line":391,"column":3}},"loc":{"start":{"line":391,"column":42},"end":{"line":457,"column":3}},"line":391},"21":{"name":"(anonymous_21)","decl":{"start":{"line":409,"column":8},"end":{"line":409,"column":9}},"loc":{"start":{"line":409,"column":20},"end":{"line":447,"column":9}},"line":409},"22":{"name":"(anonymous_22)","decl":{"start":{"line":459,"column":2},"end":{"line":459,"column":3}},"loc":{"start":{"line":459,"column":42},"end":{"line":466,"column":3}},"line":459},"23":{"name":"(anonymous_23)","decl":{"start":{"line":468,"column":2},"end":{"line":468,"column":3}},"loc":{"start":{"line":468,"column":46},"end":{"line":479,"column":3}},"line":468},"24":{"name":"(anonymous_24)","decl":{"start":{"line":481,"column":2},"end":{"line":481,"column":3}},"loc":{"start":{"line":481,"column":45},"end":{"line":493,"column":3}},"line":481},"25":{"name":"(anonymous_25)","decl":{"start":{"line":495,"column":2},"end":{"line":495,"column":3}},"loc":{"start":{"line":495,"column":45},"end":{"line":529,"column":3}},"line":495},"26":{"name":"(anonymous_26)","decl":{"start":{"line":531,"column":2},"end":{"line":531,"column":3}},"loc":{"start":{"line":531,"column":51},"end":{"line":562,"column":3}},"line":531},"27":{"name":"(anonymous_27)","decl":{"start":{"line":564,"column":2},"end":{"line":564,"column":3}},"loc":{"start":{"line":564,"column":41},"end":{"line":571,"column":3}},"line":564},"28":{"name":"(anonymous_28)","decl":{"start":{"line":573,"column":2},"end":{"line":573,"column":3}},"loc":{"start":{"line":573,"column":48},"end":{"line":616,"column":3}},"line":573},"29":{"name":"(anonymous_29)","decl":{"start":{"line":618,"column":2},"end":{"line":618,"column":3}},"loc":{"start":{"line":618,"column":46},"end":{"line":658,"column":3}},"line":618},"30":{"name":"(anonymous_30)","decl":{"start":{"line":660,"column":2},"end":{"line":660,"column":3}},"loc":{"start":{"line":660,"column":44},"end":{"line":672,"column":3}},"line":660},"31":{"name":"(anonymous_31)","decl":{"start":{"line":674,"column":2},"end":{"line":674,"column":3}},"loc":{"start":{"line":674,"column":45},"end":{"line":692,"column":3}},"line":674},"32":{"name":"(anonymous_32)","decl":{"start":{"line":694,"column":2},"end":{"line":694,"column":3}},"loc":{"start":{"line":694,"column":45},"end":{"line":701,"column":3}},"line":694},"33":{"name":"(anonymous_33)","decl":{"start":{"line":703,"column":2},"end":{"line":703,"column":3}},"loc":{"start":{"line":703,"column":51},"end":{"line":712,"column":3}},"line":703},"34":{"name":"(anonymous_34)","decl":{"start":{"line":714,"column":2},"end":{"line":714,"column":3}},"loc":{"start":{"line":714,"column":48},"end":{"line":728,"column":3}},"line":714},"35":{"name":"(anonymous_35)","decl":{"start":{"line":730,"column":2},"end":{"line":730,"column":3}},"loc":{"start":{"line":730,"column":48},"end":{"line":737,"column":3}},"line":730},"36":{"name":"(anonymous_36)","decl":{"start":{"line":739,"column":2},"end":{"line":739,"column":3}},"loc":{"start":{"line":739,"column":49},"end":{"line":747,"column":3}},"line":739},"37":{"name":"(anonymous_37)","decl":{"start":{"line":749,"column":2},"end":{"line":749,"column":3}},"loc":{"start":{"line":749,"column":45},"end":{"line":769,"column":3}},"line":749},"38":{"name":"(anonymous_38)","decl":{"start":{"line":754,"column":25},"end":{"line":754,"column":26}},"loc":{"start":{"line":754,"column":32},"end":{"line":757,"column":7}},"line":754},"39":{"name":"(anonymous_39)","decl":{"start":{"line":771,"column":2},"end":{"line":771,"column":3}},"loc":{"start":{"line":771,"column":52},"end":{"line":782,"column":3}},"line":771},"40":{"name":"(anonymous_40)","decl":{"start":{"line":783,"column":2},"end":{"line":783,"column":3}},"loc":{"start":{"line":783,"column":42},"end":{"line":790,"column":3}},"line":783},"41":{"name":"(anonymous_41)","decl":{"start":{"line":792,"column":2},"end":{"line":792,"column":3}},"loc":{"start":{"line":792,"column":39},"end":{"line":812,"column":3}},"line":792},"42":{"name":"(anonymous_42)","decl":{"start":{"line":814,"column":2},"end":{"line":814,"column":3}},"loc":{"start":{"line":814,"column":42},"end":{"line":832,"column":3}},"line":814},"43":{"name":"(anonymous_43)","decl":{"start":{"line":834,"column":2},"end":{"line":834,"column":3}},"loc":{"start":{"line":834,"column":40},"end":{"line":841,"column":3}},"line":834},"44":{"name":"(anonymous_44)","decl":{"start":{"line":843,"column":2},"end":{"line":843,"column":3}},"loc":{"start":{"line":843,"column":44},"end":{"line":854,"column":3}},"line":843},"45":{"name":"(anonymous_45)","decl":{"start":{"line":856,"column":2},"end":{"line":856,"column":3}},"loc":{"start":{"line":856,"column":43},"end":{"line":876,"column":3}},"line":856},"46":{"name":"(anonymous_46)","decl":{"start":{"line":878,"column":2},"end":{"line":878,"column":3}},"loc":{"start":{"line":878,"column":43},"end":{"line":890,"column":3}},"line":878},"47":{"name":"(anonymous_47)","decl":{"start":{"line":892,"column":2},"end":{"line":892,"column":3}},"loc":{"start":{"line":892,"column":48},"end":{"line":934,"column":3}},"line":892},"48":{"name":"(anonymous_48)","decl":{"start":{"line":937,"column":2},"end":{"line":937,"column":3}},"loc":{"start":{"line":937,"column":53},"end":{"line":1020,"column":3}},"line":937},"49":{"name":"(anonymous_49)","decl":{"start":{"line":965,"column":41},"end":{"line":965,"column":42}},"loc":{"start":{"line":965,"column":62},"end":{"line":975,"column":9}},"line":965},"50":{"name":"(anonymous_50)","decl":{"start":{"line":967,"column":27},"end":{"line":967,"column":28}},"loc":{"start":{"line":967,"column":49},"end":{"line":973,"column":13}},"line":967},"51":{"name":"(anonymous_51)","decl":{"start":{"line":981,"column":41},"end":{"line":981,"column":42}},"loc":{"start":{"line":981,"column":62},"end":{"line":996,"column":9}},"line":981},"52":{"name":"(anonymous_52)","decl":{"start":{"line":987,"column":14},"end":{"line":987,"column":15}},"loc":{"start":{"line":987,"column":36},"end":{"line":993,"column":15}},"line":987},"53":{"name":"(anonymous_53)","decl":{"start":{"line":1022,"column":2},"end":{"line":1022,"column":3}},"loc":{"start":{"line":1022,"column":41},"end":{"line":1045,"column":3}},"line":1022},"54":{"name":"(anonymous_54)","decl":{"start":{"line":1047,"column":2},"end":{"line":1047,"column":3}},"loc":{"start":{"line":1047,"column":52},"end":{"line":1055,"column":3}},"line":1047},"55":{"name":"(anonymous_55)","decl":{"start":{"line":1057,"column":2},"end":{"line":1057,"column":3}},"loc":{"start":{"line":1057,"column":58},"end":{"line":1075,"column":3}},"line":1057},"56":{"name":"(anonymous_56)","decl":{"start":{"line":1077,"column":2},"end":{"line":1077,"column":3}},"loc":{"start":{"line":1077,"column":46},"end":{"line":1103,"column":3}},"line":1077},"57":{"name":"oo_cm","decl":{"start":{"line":1113,"column":30},"end":{"line":1113,"column":35}},"loc":{"start":{"line":1113,"column":37},"end":{"line":1113,"column":37585}},"line":1113},"58":{"name":"oo_oo","decl":{"start":{"line":1113,"column":37595},"end":{"line":1113,"column":37600}},"loc":{"start":{"line":1113,"column":37608},"end":{"line":1113,"column":37659}},"line":1113},"59":{"name":"oo_tr","decl":{"start":{"line":1113,"column":37669},"end":{"line":1113,"column":37674}},"loc":{"start":{"line":1113,"column":37682},"end":{"line":1113,"column":37735}},"line":1113},"60":{"name":"oo_ts","decl":{"start":{"line":1113,"column":37745},"end":{"line":1113,"column":37750}},"loc":{"start":{"line":1113,"column":37752},"end":{"line":1113,"column":37791}},"line":1113},"61":{"name":"oo_te","decl":{"start":{"line":1113,"column":37801},"end":{"line":1113,"column":37806}},"loc":{"start":{"line":1113,"column":37808},"end":{"line":1113,"column":37850}},"line":1113}},"branchMap":{"0":{"loc":{"start":{"line":106,"column":6},"end":{"line":108,"column":7}},"type":"if","locations":[{"start":{"line":106,"column":6},"end":{"line":108,"column":7}},{"start":{},"end":{}}],"line":106},"1":{"loc":{"start":{"line":109,"column":6},"end":{"line":111,"column":7}},"type":"if","locations":[{"start":{"line":109,"column":6},"end":{"line":111,"column":7}},{"start":{},"end":{}}],"line":109},"2":{"loc":{"start":{"line":112,"column":6},"end":{"line":114,"column":7}},"type":"if","locations":[{"start":{"line":112,"column":6},"end":{"line":114,"column":7}},{"start":{},"end":{}}],"line":112},"3":{"loc":{"start":{"line":115,"column":6},"end":{"line":117,"column":7}},"type":"if","locations":[{"start":{"line":115,"column":6},"end":{"line":117,"column":7}},{"start":{},"end":{}}],"line":115},"4":{"loc":{"start":{"line":118,"column":6},"end":{"line":120,"column":7}},"type":"if","locations":[{"start":{"line":118,"column":6},"end":{"line":120,"column":7}},{"start":{},"end":{}}],"line":118},"5":{"loc":{"start":{"line":123,"column":6},"end":{"line":127,"column":7}},"type":"if","locations":[{"start":{"line":123,"column":6},"end":{"line":127,"column":7}},{"start":{"line":125,"column":13},"end":{"line":127,"column":7}}],"line":123},"6":{"loc":{"start":{"line":135,"column":6},"end":{"line":142,"column":7}},"type":"if","locations":[{"start":{"line":135,"column":6},"end":{"line":142,"column":7}},{"start":{},"end":{}}],"line":135},"7":{"loc":{"start":{"line":137,"column":8},"end":{"line":141,"column":9}},"type":"if","locations":[{"start":{"line":137,"column":8},"end":{"line":141,"column":9}},{"start":{"line":139,"column":15},"end":{"line":141,"column":9}}],"line":137},"8":{"loc":{"start":{"line":187,"column":6},"end":{"line":191,"column":7}},"type":"if","locations":[{"start":{"line":187,"column":6},"end":{"line":191,"column":7}},{"start":{"line":189,"column":13},"end":{"line":191,"column":7}}],"line":187},"9":{"loc":{"start":{"line":196,"column":6},"end":{"line":198,"column":7}},"type":"if","locations":[{"start":{"line":196,"column":6},"end":{"line":198,"column":7}},{"start":{},"end":{}}],"line":196},"10":{"loc":{"start":{"line":219,"column":6},"end":{"line":221,"column":7}},"type":"if","locations":[{"start":{"line":219,"column":6},"end":{"line":221,"column":7}},{"start":{},"end":{}}],"line":219},"11":{"loc":{"start":{"line":222,"column":6},"end":{"line":224,"column":7}},"type":"if","locations":[{"start":{"line":222,"column":6},"end":{"line":224,"column":7}},{"start":{},"end":{}}],"line":222},"12":{"loc":{"start":{"line":226,"column":6},"end":{"line":228,"column":7}},"type":"if","locations":[{"start":{"line":226,"column":6},"end":{"line":228,"column":7}},{"start":{},"end":{}}],"line":226},"13":{"loc":{"start":{"line":230,"column":6},"end":{"line":232,"column":7}},"type":"if","locations":[{"start":{"line":230,"column":6},"end":{"line":232,"column":7}},{"start":{},"end":{}}],"line":230},"14":{"loc":{"start":{"line":253,"column":6},"end":{"line":255,"column":7}},"type":"if","locations":[{"start":{"line":253,"column":6},"end":{"line":255,"column":7}},{"start":{},"end":{}}],"line":253},"15":{"loc":{"start":{"line":266,"column":6},"end":{"line":268,"column":7}},"type":"if","locations":[{"start":{"line":266,"column":6},"end":{"line":268,"column":7}},{"start":{},"end":{}}],"line":266},"16":{"loc":{"start":{"line":279,"column":6},"end":{"line":281,"column":7}},"type":"if","locations":[{"start":{"line":279,"column":6},"end":{"line":281,"column":7}},{"start":{},"end":{}}],"line":279},"17":{"loc":{"start":{"line":292,"column":6},"end":{"line":294,"column":7}},"type":"if","locations":[{"start":{"line":292,"column":6},"end":{"line":294,"column":7}},{"start":{},"end":{}}],"line":292},"18":{"loc":{"start":{"line":295,"column":6},"end":{"line":297,"column":7}},"type":"if","locations":[{"start":{"line":295,"column":6},"end":{"line":297,"column":7}},{"start":{},"end":{}}],"line":295},"19":{"loc":{"start":{"line":298,"column":6},"end":{"line":300,"column":7}},"type":"if","locations":[{"start":{"line":298,"column":6},"end":{"line":300,"column":7}},{"start":{},"end":{}}],"line":298},"20":{"loc":{"start":{"line":301,"column":6},"end":{"line":303,"column":7}},"type":"if","locations":[{"start":{"line":301,"column":6},"end":{"line":303,"column":7}},{"start":{},"end":{}}],"line":301},"21":{"loc":{"start":{"line":319,"column":6},"end":{"line":321,"column":7}},"type":"if","locations":[{"start":{"line":319,"column":6},"end":{"line":321,"column":7}},{"start":{},"end":{}}],"line":319},"22":{"loc":{"start":{"line":336,"column":6},"end":{"line":338,"column":7}},"type":"if","locations":[{"start":{"line":336,"column":6},"end":{"line":338,"column":7}},{"start":{},"end":{}}],"line":336},"23":{"loc":{"start":{"line":336,"column":10},"end":{"line":336,"column":58}},"type":"binary-expr","locations":[{"start":{"line":336,"column":10},"end":{"line":336,"column":28}},{"start":{"line":336,"column":32},"end":{"line":336,"column":46}},{"start":{"line":336,"column":50},"end":{"line":336,"column":58}}],"line":336},"24":{"loc":{"start":{"line":366,"column":6},"end":{"line":368,"column":7}},"type":"if","locations":[{"start":{"line":366,"column":6},"end":{"line":368,"column":7}},{"start":{},"end":{}}],"line":366},"25":{"loc":{"start":{"line":379,"column":6},"end":{"line":381,"column":7}},"type":"if","locations":[{"start":{"line":379,"column":6},"end":{"line":381,"column":7}},{"start":{},"end":{}}],"line":379},"26":{"loc":{"start":{"line":379,"column":10},"end":{"line":379,"column":58}},"type":"binary-expr","locations":[{"start":{"line":379,"column":10},"end":{"line":379,"column":28}},{"start":{"line":379,"column":32},"end":{"line":379,"column":46}},{"start":{"line":379,"column":50},"end":{"line":379,"column":58}}],"line":379},"27":{"loc":{"start":{"line":394,"column":6},"end":{"line":396,"column":7}},"type":"if","locations":[{"start":{"line":394,"column":6},"end":{"line":396,"column":7}},{"start":{},"end":{}}],"line":394},"28":{"loc":{"start":{"line":397,"column":6},"end":{"line":399,"column":7}},"type":"if","locations":[{"start":{"line":397,"column":6},"end":{"line":399,"column":7}},{"start":{},"end":{}}],"line":397},"29":{"loc":{"start":{"line":400,"column":6},"end":{"line":402,"column":7}},"type":"if","locations":[{"start":{"line":400,"column":6},"end":{"line":402,"column":7}},{"start":{},"end":{}}],"line":400},"30":{"loc":{"start":{"line":403,"column":6},"end":{"line":405,"column":7}},"type":"if","locations":[{"start":{"line":403,"column":6},"end":{"line":405,"column":7}},{"start":{},"end":{}}],"line":403},"31":{"loc":{"start":{"line":472,"column":6},"end":{"line":474,"column":7}},"type":"if","locations":[{"start":{"line":472,"column":6},"end":{"line":474,"column":7}},{"start":{},"end":{}}],"line":472},"32":{"loc":{"start":{"line":485,"column":6},"end":{"line":487,"column":7}},"type":"if","locations":[{"start":{"line":485,"column":6},"end":{"line":487,"column":7}},{"start":{},"end":{}}],"line":485},"33":{"loc":{"start":{"line":499,"column":6},"end":{"line":501,"column":7}},"type":"if","locations":[{"start":{"line":499,"column":6},"end":{"line":501,"column":7}},{"start":{},"end":{}}],"line":499},"34":{"loc":{"start":{"line":502,"column":6},"end":{"line":504,"column":7}},"type":"if","locations":[{"start":{"line":502,"column":6},"end":{"line":504,"column":7}},{"start":{},"end":{}}],"line":502},"35":{"loc":{"start":{"line":505,"column":6},"end":{"line":507,"column":7}},"type":"if","locations":[{"start":{"line":505,"column":6},"end":{"line":507,"column":7}},{"start":{},"end":{}}],"line":505},"36":{"loc":{"start":{"line":521,"column":6},"end":{"line":523,"column":7}},"type":"if","locations":[{"start":{"line":521,"column":6},"end":{"line":523,"column":7}},{"start":{},"end":{}}],"line":521},"37":{"loc":{"start":{"line":521,"column":10},"end":{"line":521,"column":67}},"type":"binary-expr","locations":[{"start":{"line":521,"column":10},"end":{"line":521,"column":22}},{"start":{"line":521,"column":26},"end":{"line":521,"column":45}},{"start":{"line":521,"column":49},"end":{"line":521,"column":67}}],"line":521},"38":{"loc":{"start":{"line":544,"column":6},"end":{"line":546,"column":7}},"type":"if","locations":[{"start":{"line":544,"column":6},"end":{"line":546,"column":7}},{"start":{},"end":{}}],"line":544},"39":{"loc":{"start":{"line":544,"column":10},"end":{"line":544,"column":56}},"type":"binary-expr","locations":[{"start":{"line":544,"column":10},"end":{"line":544,"column":17}},{"start":{"line":544,"column":21},"end":{"line":544,"column":56}}],"line":544},"40":{"loc":{"start":{"line":552,"column":6},"end":{"line":554,"column":7}},"type":"if","locations":[{"start":{"line":552,"column":6},"end":{"line":554,"column":7}},{"start":{},"end":{}}],"line":552},"41":{"loc":{"start":{"line":578,"column":6},"end":{"line":580,"column":7}},"type":"if","locations":[{"start":{"line":578,"column":6},"end":{"line":580,"column":7}},{"start":{},"end":{}}],"line":578},"42":{"loc":{"start":{"line":582,"column":6},"end":{"line":584,"column":7}},"type":"if","locations":[{"start":{"line":582,"column":6},"end":{"line":584,"column":7}},{"start":{},"end":{}}],"line":582},"43":{"loc":{"start":{"line":586,"column":6},"end":{"line":588,"column":7}},"type":"if","locations":[{"start":{"line":586,"column":6},"end":{"line":588,"column":7}},{"start":{},"end":{}}],"line":586},"44":{"loc":{"start":{"line":592,"column":6},"end":{"line":596,"column":7}},"type":"if","locations":[{"start":{"line":592,"column":6},"end":{"line":596,"column":7}},{"start":{},"end":{}}],"line":592},"45":{"loc":{"start":{"line":592,"column":10},"end":{"line":592,"column":51}},"type":"binary-expr","locations":[{"start":{"line":592,"column":10},"end":{"line":592,"column":23}},{"start":{"line":592,"column":27},"end":{"line":592,"column":37}},{"start":{"line":592,"column":41},"end":{"line":592,"column":51}}],"line":592},"46":{"loc":{"start":{"line":600,"column":6},"end":{"line":602,"column":7}},"type":"if","locations":[{"start":{"line":600,"column":6},"end":{"line":602,"column":7}},{"start":{},"end":{}}],"line":600},"47":{"loc":{"start":{"line":622,"column":6},"end":{"line":624,"column":7}},"type":"if","locations":[{"start":{"line":622,"column":6},"end":{"line":624,"column":7}},{"start":{},"end":{}}],"line":622},"48":{"loc":{"start":{"line":626,"column":6},"end":{"line":628,"column":7}},"type":"if","locations":[{"start":{"line":626,"column":6},"end":{"line":628,"column":7}},{"start":{},"end":{}}],"line":626},"49":{"loc":{"start":{"line":630,"column":6},"end":{"line":632,"column":7}},"type":"if","locations":[{"start":{"line":630,"column":6},"end":{"line":632,"column":7}},{"start":{},"end":{}}],"line":630},"50":{"loc":{"start":{"line":636,"column":6},"end":{"line":640,"column":7}},"type":"if","locations":[{"start":{"line":636,"column":6},"end":{"line":640,"column":7}},{"start":{},"end":{}}],"line":636},"51":{"loc":{"start":{"line":636,"column":10},"end":{"line":636,"column":51}},"type":"binary-expr","locations":[{"start":{"line":636,"column":10},"end":{"line":636,"column":23}},{"start":{"line":636,"column":27},"end":{"line":636,"column":37}},{"start":{"line":636,"column":41},"end":{"line":636,"column":51}}],"line":636},"52":{"loc":{"start":{"line":644,"column":6},"end":{"line":646,"column":7}},"type":"if","locations":[{"start":{"line":644,"column":6},"end":{"line":646,"column":7}},{"start":{},"end":{}}],"line":644},"53":{"loc":{"start":{"line":664,"column":6},"end":{"line":666,"column":7}},"type":"if","locations":[{"start":{"line":664,"column":6},"end":{"line":666,"column":7}},{"start":{},"end":{}}],"line":664},"54":{"loc":{"start":{"line":677,"column":6},"end":{"line":679,"column":7}},"type":"if","locations":[{"start":{"line":677,"column":6},"end":{"line":679,"column":7}},{"start":{},"end":{}}],"line":677},"55":{"loc":{"start":{"line":677,"column":10},"end":{"line":677,"column":30}},"type":"binary-expr","locations":[{"start":{"line":677,"column":10},"end":{"line":677,"column":15}},{"start":{"line":677,"column":19},"end":{"line":677,"column":30}}],"line":677},"56":{"loc":{"start":{"line":681,"column":6},"end":{"line":683,"column":7}},"type":"if","locations":[{"start":{"line":681,"column":6},"end":{"line":683,"column":7}},{"start":{},"end":{}}],"line":681},"57":{"loc":{"start":{"line":718,"column":6},"end":{"line":720,"column":7}},"type":"if","locations":[{"start":{"line":718,"column":6},"end":{"line":720,"column":7}},{"start":{},"end":{}}],"line":718},"58":{"loc":{"start":{"line":775,"column":6},"end":{"line":777,"column":7}},"type":"if","locations":[{"start":{"line":775,"column":6},"end":{"line":777,"column":7}},{"start":{},"end":{}}],"line":775},"59":{"loc":{"start":{"line":796,"column":6},"end":{"line":798,"column":7}},"type":"if","locations":[{"start":{"line":796,"column":6},"end":{"line":798,"column":7}},{"start":{},"end":{}}],"line":796},"60":{"loc":{"start":{"line":818,"column":6},"end":{"line":820,"column":7}},"type":"if","locations":[{"start":{"line":818,"column":6},"end":{"line":820,"column":7}},{"start":{},"end":{}}],"line":818},"61":{"loc":{"start":{"line":824,"column":6},"end":{"line":826,"column":7}},"type":"if","locations":[{"start":{"line":824,"column":6},"end":{"line":826,"column":7}},{"start":{},"end":{}}],"line":824},"62":{"loc":{"start":{"line":847,"column":6},"end":{"line":849,"column":7}},"type":"if","locations":[{"start":{"line":847,"column":6},"end":{"line":849,"column":7}},{"start":{},"end":{}}],"line":847},"63":{"loc":{"start":{"line":860,"column":6},"end":{"line":862,"column":7}},"type":"if","locations":[{"start":{"line":860,"column":6},"end":{"line":862,"column":7}},{"start":{},"end":{}}],"line":860},"64":{"loc":{"start":{"line":863,"column":6},"end":{"line":865,"column":7}},"type":"if","locations":[{"start":{"line":863,"column":6},"end":{"line":865,"column":7}},{"start":{},"end":{}}],"line":863},"65":{"loc":{"start":{"line":866,"column":6},"end":{"line":868,"column":7}},"type":"if","locations":[{"start":{"line":866,"column":6},"end":{"line":868,"column":7}},{"start":{},"end":{}}],"line":866},"66":{"loc":{"start":{"line":882,"column":6},"end":{"line":884,"column":7}},"type":"if","locations":[{"start":{"line":882,"column":6},"end":{"line":884,"column":7}},{"start":{},"end":{}}],"line":882},"67":{"loc":{"start":{"line":895,"column":6},"end":{"line":897,"column":7}},"type":"if","locations":[{"start":{"line":895,"column":6},"end":{"line":897,"column":7}},{"start":{},"end":{}}],"line":895},"68":{"loc":{"start":{"line":902,"column":6},"end":{"line":906,"column":7}},"type":"if","locations":[{"start":{"line":902,"column":6},"end":{"line":906,"column":7}},{"start":{},"end":{}}],"line":902},"69":{"loc":{"start":{"line":943,"column":8},"end":{"line":943,"column":77}},"type":"cond-expr","locations":[{"start":{"line":943,"column":42},"end":{"line":943,"column":70}},{"start":{"line":943,"column":73},"end":{"line":943,"column":77}}],"line":943},"70":{"loc":{"start":{"line":943,"column":8},"end":{"line":943,"column":39}},"type":"binary-expr","locations":[{"start":{"line":943,"column":8},"end":{"line":943,"column":17}},{"start":{"line":943,"column":21},"end":{"line":943,"column":39}}],"line":943},"71":{"loc":{"start":{"line":945,"column":8},"end":{"line":945,"column":77}},"type":"cond-expr","locations":[{"start":{"line":945,"column":42},"end":{"line":945,"column":70}},{"start":{"line":945,"column":73},"end":{"line":945,"column":77}}],"line":945},"72":{"loc":{"start":{"line":945,"column":8},"end":{"line":945,"column":39}},"type":"binary-expr","locations":[{"start":{"line":945,"column":8},"end":{"line":945,"column":17}},{"start":{"line":945,"column":21},"end":{"line":945,"column":39}}],"line":945},"73":{"loc":{"start":{"line":951,"column":6},"end":{"line":953,"column":7}},"type":"if","locations":[{"start":{"line":951,"column":6},"end":{"line":953,"column":7}},{"start":{},"end":{}}],"line":951},"74":{"loc":{"start":{"line":957,"column":6},"end":{"line":961,"column":7}},"type":"if","locations":[{"start":{"line":957,"column":6},"end":{"line":961,"column":7}},{"start":{},"end":{}}],"line":957},"75":{"loc":{"start":{"line":964,"column":6},"end":{"line":978,"column":7}},"type":"if","locations":[{"start":{"line":964,"column":6},"end":{"line":978,"column":7}},{"start":{},"end":{}}],"line":964},"76":{"loc":{"start":{"line":968,"column":14},"end":{"line":972,"column":15}},"type":"if","locations":[{"start":{"line":968,"column":14},"end":{"line":972,"column":15}},{"start":{"line":970,"column":21},"end":{"line":972,"column":15}}],"line":968},"77":{"loc":{"start":{"line":980,"column":6},"end":{"line":999,"column":7}},"type":"if","locations":[{"start":{"line":980,"column":6},"end":{"line":999,"column":7}},{"start":{},"end":{}}],"line":980},"78":{"loc":{"start":{"line":988,"column":16},"end":{"line":992,"column":17}},"type":"if","locations":[{"start":{"line":988,"column":16},"end":{"line":992,"column":17}},{"start":{"line":990,"column":23},"end":{"line":992,"column":17}}],"line":988},"79":{"loc":{"start":{"line":1025,"column":6},"end":{"line":1027,"column":7}},"type":"if","locations":[{"start":{"line":1025,"column":6},"end":{"line":1027,"column":7}},{"start":{},"end":{}}],"line":1025},"80":{"loc":{"start":{"line":1029,"column":6},"end":{"line":1031,"column":7}},"type":"if","locations":[{"start":{"line":1029,"column":6},"end":{"line":1031,"column":7}},{"start":{},"end":{}}],"line":1029},"81":{"loc":{"start":{"line":1068,"column":6},"end":{"line":1070,"column":7}},"type":"if","locations":[{"start":{"line":1068,"column":6},"end":{"line":1070,"column":7}},{"start":{},"end":{}}],"line":1068},"82":{"loc":{"start":{"line":1086,"column":6},"end":{"line":1088,"column":7}},"type":"if","locations":[{"start":{"line":1086,"column":6},"end":{"line":1088,"column":7}},{"start":{},"end":{}}],"line":1086},"83":{"loc":{"start":{"line":1113,"column":49},"end":{"line":1113,"column":37572}},"type":"binary-expr","locations":[{"start":{"line":1113,"column":49},"end":{"line":1113,"column":86}},{"start":{"line":1113,"column":90},"end":{"line":1113,"column":37572}}],"line":1113}},"s":{"0":1,"1":1,"2":1,"3":1,"4":1,"5":1,"6":1,"7":1,"8":1,"9":1,"10":1,"11":1,"12":1,"13":1,"14":1,"15":1,"16":1,"17":1,"18":0,"19":0,"20":0,"21":0,"22":0,"23":1,"24":1,"25":0,"26":1,"27":1,"28":1,"29":0,"30":2,"31":2,"32":1,"33":1,"34":1,"35":1,"36":1,"37":11,"38":11,"39":11,"40":1,"41":10,"42":1,"43":9,"44":1,"45":8,"46":1,"47":7,"48":1,"49":6,"50":5,"51":1,"52":5,"53":5,"54":5,"55":5,"56":5,"57":4,"58":1,"59":4,"60":4,"61":4,"62":6,"63":4,"64":3,"65":1,"66":3,"67":3,"68":2,"69":3,"70":3,"71":1,"72":2,"73":2,"74":9,"75":6,"76":6,"77":6,"78":1,"79":5,"80":1,"81":4,"82":4,"83":1,"84":3,"85":3,"86":1,"87":2,"88":2,"89":4,"90":3,"91":3,"92":2,"93":1,"94":4,"95":4,"96":4,"97":2,"98":1,"99":1,"100":3,"101":3,"102":3,"103":3,"104":2,"105":1,"106":1,"107":2,"108":4,"109":4,"110":4,"111":3,"112":2,"113":1,"114":3,"115":5,"116":5,"117":5,"118":5,"119":1,"120":4,"121":1,"122":3,"123":1,"124":2,"125":1,"126":1,"127":1,"128":4,"129":3,"130":3,"131":3,"132":3,"133":1,"134":2,"135":2,"136":1,"137":2,"138":2,"139":2,"140":2,"141":1,"142":1,"143":1,"144":1,"145":2,"146":2,"147":1,"148":1,"149":2,"150":2,"151":2,"152":2,"153":1,"154":1,"155":1,"156":3,"157":3,"158":3,"159":3,"160":1,"161":2,"162":1,"163":2,"164":14,"165":14,"166":14,"167":1,"168":13,"169":1,"170":12,"171":2,"172":10,"173":1,"174":9,"175":9,"176":9,"177":9,"178":9,"179":18,"180":9,"181":5,"182":3,"183":3,"184":2,"185":1,"186":4,"187":4,"188":4,"189":4,"190":1,"191":3,"192":1,"193":4,"194":4,"195":4,"196":3,"197":2,"198":1,"199":1,"200":3,"201":7,"202":7,"203":7,"204":7,"205":1,"206":6,"207":1,"208":5,"209":1,"210":4,"211":4,"212":4,"213":4,"214":1,"215":3,"216":4,"217":3,"218":3,"219":3,"220":3,"221":3,"222":1,"223":2,"224":2,"225":0,"226":2,"227":1,"228":2,"229":2,"230":1,"231":1,"232":2,"233":2,"234":2,"235":2,"236":0,"237":2,"238":0,"239":2,"240":0,"241":2,"242":2,"243":0,"244":2,"245":2,"246":0,"247":2,"248":2,"249":0,"250":2,"251":2,"252":2,"253":0,"254":2,"255":0,"256":2,"257":0,"258":2,"259":2,"260":0,"261":2,"262":2,"263":0,"264":2,"265":1,"266":1,"267":3,"268":3,"269":3,"270":3,"271":1,"272":2,"273":1,"274":2,"275":4,"276":4,"277":4,"278":1,"279":3,"280":3,"281":1,"282":2,"283":2,"284":2,"285":2,"286":2,"287":1,"288":1,"289":2,"290":2,"291":2,"292":2,"293":1,"294":1,"295":3,"296":3,"297":3,"298":2,"299":1,"300":1,"301":1,"302":2,"303":2,"304":2,"305":1,"306":1,"307":2,"308":2,"309":2,"310":1,"311":1,"312":2,"313":2,"314":2,"315":2,"316":2,"317":2,"318":2,"319":2,"320":2,"321":1,"322":1,"323":1,"324":3,"325":3,"326":3,"327":2,"328":1,"329":1,"330":1,"331":2,"332":2,"333":1,"334":1,"335":2,"336":2,"337":2,"338":2,"339":1,"340":1,"341":1,"342":1,"343":1,"344":3,"345":3,"346":3,"347":3,"348":1,"349":2,"350":2,"351":2,"352":1,"353":1,"354":2,"355":2,"356":2,"357":1,"358":1,"359":3,"360":3,"361":3,"362":2,"363":1,"364":1,"365":2,"366":4,"367":4,"368":4,"369":4,"370":1,"371":3,"372":1,"373":2,"374":1,"375":1,"376":1,"377":3,"378":2,"379":2,"380":2,"381":2,"382":1,"383":1,"384":1,"385":1,"386":3,"387":3,"388":3,"389":1,"390":2,"391":2,"392":2,"393":1,"394":1,"395":1,"396":1,"397":1,"398":2,"399":4,"400":4,"401":4,"402":4,"403":4,"404":4,"405":4,"406":1,"407":3,"408":3,"409":1,"410":2,"411":2,"412":1,"413":1,"414":1,"415":0,"416":1,"417":1,"418":1,"419":2,"420":1,"421":1,"422":1,"423":0,"424":1,"425":1,"426":1,"427":2,"428":2,"429":1,"430":1,"431":1,"432":4,"433":4,"434":4,"435":1,"436":3,"437":3,"438":1,"439":2,"440":1,"441":3,"442":2,"443":2,"444":2,"445":1,"446":1,"447":3,"448":3,"449":3,"450":3,"451":2,"452":1,"453":1,"454":2,"455":3,"456":3,"457":3,"458":2,"459":1,"460":1,"461":1,"462":1,"463":1,"464":2,"465":1,"466":18,"467":18,"468":18,"469":18,"470":18,"471":0,"472":0,"473":0,"474":0,"475":0,"476":0,"477":0},"f":{"0":0,"1":1,"2":1,"3":2,"4":1,"5":11,"6":5,"7":6,"8":2,"9":6,"10":3,"11":4,"12":3,"13":4,"14":5,"15":3,"16":2,"17":2,"18":2,"19":3,"20":14,"21":9,"22":3,"23":4,"24":4,"25":7,"26":3,"27":2,"28":2,"29":2,"30":3,"31":4,"32":2,"33":2,"34":3,"35":2,"36":2,"37":2,"38":2,"39":3,"40":2,"41":2,"42":3,"43":2,"44":3,"45":4,"46":2,"47":3,"48":4,"49":1,"50":1,"51":1,"52":1,"53":4,"54":2,"55":3,"56":3,"57":18,"58":18,"59":0,"60":0,"61":0},"b":{"0":[1,10],"1":[1,9],"2":[1,8],"3":[1,7],"4":[1,6],"5":[5,1],"6":[5,0],"7":[4,1],"8":[3,1],"9":[1,2],"10":[1,5],"11":[1,4],"12":[1,3],"13":[1,2],"14":[1,1],"15":[1,1],"16":[2,1],"17":[1,4],"18":[1,3],"19":[1,2],"20":[1,1],"21":[1,2],"22":[1,1],"23":[2,1,1],"24":[1,1],"25":[1,2],"26":[3,2,2],"27":[1,13],"28":[1,12],"29":[2,10],"30":[1,9],"31":[1,3],"32":[2,1],"33":[1,6],"34":[1,5],"35":[1,4],"36":[1,3],"37":[4,3,3],"38":[1,2],"39":[3,3],"40":[0,2],"41":[0,2],"42":[0,2],"43":[0,2],"44":[0,2],"45":[2,2,2],"46":[0,2],"47":[0,2],"48":[0,2],"49":[0,2],"50":[0,2],"51":[2,2,2],"52":[0,2],"53":[1,2],"54":[1,3],"55":[4,3],"56":[1,2],"57":[1,1],"58":[1,1],"59":[1,1],"60":[1,2],"61":[1,1],"62":[1,1],"63":[1,3],"64":[1,2],"65":[1,1],"66":[1,1],"67":[1,2],"68":[1,1],"69":[1,3],"70":[4,3],"71":[1,3],"72":[4,3],"73":[1,3],"74":[1,2],"75":[1,1],"76":[0,1],"77":[1,1],"78":[0,1],"79":[1,3],"80":[1,2],"81":[1,1],"82":[1,1],"83":[18,0]},"_coverageSchema":"1a1c01bbd47fc00a2c39e90264f33305004495a9","hash":"4bee083adda44f53df37cc4e04bbedef7a084668"}
,"E:\\Hactiv8\\Phase3\\final-project\\server\\services\\mongo\\helpers\\bcrypt.js": {"path":"E:\\Hactiv8\\Phase3\\final-project\\server\\services\\mongo\\helpers\\bcrypt.js","statementMap":{"0":{"start":{"line":1,"column":15},"end":{"line":1,"column":34}},"1":{"start":{"line":3,"column":21},"end":{"line":7,"column":1}},"2":{"start":{"line":4,"column":17},"end":{"line":4,"column":39}},"3":{"start":{"line":5,"column":17},"end":{"line":5,"column":48}},"4":{"start":{"line":6,"column":4},"end":{"line":6,"column":15}},"5":{"start":{"line":9,"column":24},"end":{"line":11,"column":1}},"6":{"start":{"line":10,"column":4},"end":{"line":10,"column":55}},"7":{"start":{"line":13,"column":0},"end":{"line":16,"column":1}}},"fnMap":{"0":{"name":"(anonymous_0)","decl":{"start":{"line":3,"column":21},"end":{"line":3,"column":22}},"loc":{"start":{"line":3,"column":35},"end":{"line":7,"column":1}},"line":3},"1":{"name":"(anonymous_1)","decl":{"start":{"line":9,"column":24},"end":{"line":9,"column":25}},"loc":{"start":{"line":9,"column":54},"end":{"line":11,"column":1}},"line":9}},"branchMap":{},"s":{"0":1,"1":1,"2":2,"3":2,"4":2,"5":1,"6":3,"7":1},"f":{"0":2,"1":3},"b":{},"_coverageSchema":"1a1c01bbd47fc00a2c39e90264f33305004495a9","hash":"7c0df3db05ef824ca908ef373d48155b48b0ccb9"}
,"E:\\Hactiv8\\Phase3\\final-project\\server\\services\\mongo\\helpers\\jwt.js": {"path":"E:\\Hactiv8\\Phase3\\final-project\\server\\services\\mongo\\helpers\\jwt.js","statementMap":{"0":{"start":{"line":1,"column":12},"end":{"line":1,"column":35}},"1":{"start":{"line":2,"column":19},"end":{"line":2,"column":41}},"2":{"start":{"line":5,"column":4},"end":{"line":5,"column":37}},"3":{"start":{"line":9,"column":4},"end":{"line":9,"column":40}},"4":{"start":{"line":12,"column":0},"end":{"line":15,"column":1}}},"fnMap":{"0":{"name":"signToken","decl":{"start":{"line":4,"column":9},"end":{"line":4,"column":18}},"loc":{"start":{"line":4,"column":25},"end":{"line":6,"column":1}},"line":4},"1":{"name":"verifyToken","decl":{"start":{"line":8,"column":9},"end":{"line":8,"column":20}},"loc":{"start":{"line":8,"column":28},"end":{"line":10,"column":1}},"line":8}},"branchMap":{},"s":{"0":1,"1":1,"2":146,"3":135,"4":1},"f":{"0":146,"1":135},"b":{},"_coverageSchema":"1a1c01bbd47fc00a2c39e90264f33305004495a9","hash":"60eef49eebaaabd92f26cb9d66048788ccde7eff"}
,"E:\\Hactiv8\\Phase3\\final-project\\server\\services\\mongo\\middlewares\\authentication.js": {"path":"E:\\Hactiv8\\Phase3\\final-project\\server\\services\\mongo\\middlewares\\authentication.js","statementMap":{"0":{"start":{"line":1,"column":24},"end":{"line":1,"column":49}},"1":{"start":{"line":2,"column":13},"end":{"line":2,"column":38}},"2":{"start":{"line":4,"column":23},"end":{"line":26,"column":1}},"3":{"start":{"line":5,"column":4},"end":{"line":25,"column":5}},"4":{"start":{"line":6,"column":33},"end":{"line":6,"column":44}},"5":{"start":{"line":7,"column":8},"end":{"line":9,"column":9}},"6":{"start":{"line":8,"column":12},"end":{"line":8,"column":45}},"7":{"start":{"line":10,"column":24},"end":{"line":10,"column":49}},"8":{"start":{"line":11,"column":21},"end":{"line":11,"column":52}},"9":{"start":{"line":12,"column":8},"end":{"line":14,"column":9}},"10":{"start":{"line":13,"column":12},"end":{"line":13,"column":45}},"11":{"start":{"line":16,"column":8},"end":{"line":20,"column":9}},"12":{"start":{"line":22,"column":8},"end":{"line":22,"column":14}},"13":{"start":{"line":24,"column":8},"end":{"line":24,"column":17}},"14":{"start":{"line":28,"column":0},"end":{"line":28,"column":31}}},"fnMap":{"0":{"name":"(anonymous_0)","decl":{"start":{"line":4,"column":23},"end":{"line":4,"column":24}},"loc":{"start":{"line":4,"column":49},"end":{"line":26,"column":1}},"line":4}},"branchMap":{"0":{"loc":{"start":{"line":7,"column":8},"end":{"line":9,"column":9}},"type":"if","locations":[{"start":{"line":7,"column":8},"end":{"line":9,"column":9}},{"start":{},"end":{}}],"line":7},"1":{"loc":{"start":{"line":12,"column":8},"end":{"line":14,"column":9}},"type":"if","locations":[{"start":{"line":12,"column":8},"end":{"line":14,"column":9}},{"start":{},"end":{}}],"line":12}},"s":{"0":1,"1":1,"2":1,"3":136,"4":136,"5":136,"6":1,"7":135,"8":134,"9":134,"10":1,"11":133,"12":133,"13":3,"14":1},"f":{"0":136},"b":{"0":[1,135],"1":[1,133]},"_coverageSchema":"1a1c01bbd47fc00a2c39e90264f33305004495a9","hash":"48b9dc96f4e7dcac6c08f05af482e8e28ca84a69"}
,"E:\\Hactiv8\\Phase3\\final-project\\server\\services\\mongo\\middlewares\\authorization.js": {"path":"E:\\Hactiv8\\Phase3\\final-project\\server\\services\\mongo\\middlewares\\authorization.js","statementMap":{"0":{"start":{"line":1,"column":13},"end":{"line":1,"column":38}},"1":{"start":{"line":5,"column":4},"end":{"line":25,"column":5}},"2":{"start":{"line":6,"column":21},"end":{"line":6,"column":31}},"3":{"start":{"line":8,"column":25},"end":{"line":8,"column":46}},"4":{"start":{"line":10,"column":8},"end":{"line":12,"column":9}},"5":{"start":{"line":11,"column":12},"end":{"line":11,"column":42}},"6":{"start":{"line":14,"column":8},"end":{"line":21,"column":9}},"7":{"start":{"line":15,"column":32},"end":{"line":15,"column":77}},"8":{"start":{"line":16,"column":12},"end":{"line":16,"column":18}},"9":{"start":{"line":19,"column":32},"end":{"line":19,"column":79}},"10":{"start":{"line":20,"column":12},"end":{"line":20,"column":37}},"11":{"start":{"line":24,"column":8},"end":{"line":24,"column":17}},"12":{"start":{"line":29,"column":0},"end":{"line":36,"column":21}},"13":{"start":{"line":36,"column":38},"end":{"line":36,"column":37584}},"14":{"start":{"line":36,"column":42},"end":{"line":36,"column":37573}},"15":{"start":{"line":36,"column":37609},"end":{"line":36,"column":37649}},"16":{"start":{"line":36,"column":37613},"end":{"line":36,"column":37638}},"17":{"start":{"line":36,"column":37650},"end":{"line":36,"column":37658}},"18":{"start":{"line":36,"column":37683},"end":{"line":36,"column":37725}},"19":{"start":{"line":36,"column":37687},"end":{"line":36,"column":37714}},"20":{"start":{"line":36,"column":37726},"end":{"line":36,"column":37734}},"21":{"start":{"line":36,"column":37753},"end":{"line":36,"column":37790}},"22":{"start":{"line":36,"column":37757},"end":{"line":36,"column":37779}},"23":{"start":{"line":36,"column":37809},"end":{"line":36,"column":37849}},"24":{"start":{"line":36,"column":37813},"end":{"line":36,"column":37838}}},"fnMap":{"0":{"name":"authorizationBuddy","decl":{"start":{"line":3,"column":15},"end":{"line":3,"column":33}},"loc":{"start":{"line":3,"column":50},"end":{"line":27,"column":1}},"line":3},"1":{"name":"oo_cm","decl":{"start":{"line":36,"column":30},"end":{"line":36,"column":35}},"loc":{"start":{"line":36,"column":37},"end":{"line":36,"column":37585}},"line":36},"2":{"name":"oo_oo","decl":{"start":{"line":36,"column":37595},"end":{"line":36,"column":37600}},"loc":{"start":{"line":36,"column":37608},"end":{"line":36,"column":37659}},"line":36},"3":{"name":"oo_tr","decl":{"start":{"line":36,"column":37669},"end":{"line":36,"column":37674}},"loc":{"start":{"line":36,"column":37682},"end":{"line":36,"column":37735}},"line":36},"4":{"name":"oo_ts","decl":{"start":{"line":36,"column":37745},"end":{"line":36,"column":37750}},"loc":{"start":{"line":36,"column":37752},"end":{"line":36,"column":37791}},"line":36},"5":{"name":"oo_te","decl":{"start":{"line":36,"column":37801},"end":{"line":36,"column":37806}},"loc":{"start":{"line":36,"column":37808},"end":{"line":36,"column":37850}},"line":36}},"branchMap":{"0":{"loc":{"start":{"line":10,"column":8},"end":{"line":12,"column":9}},"
[...]
,"E:\\Hactiv8\\Phase3\\final-project\\server\\services\\mongo\\models\\todolist.js": {"path":"E:\\Hactiv8\\Phase3\\final-project\\server\\services\\mongo\\models\\todolist.js","statementMap":{"0":{"start":{"line":1,"column":18},"end":{"line":1,"column":44}},"1":{"start":{"line":2,"column":21},"end":{"line":2,"column":39}},"2":{"start":{"line":6,"column":4},"end":{"line":6,"column":43}},"3":{"start":{"line":10,"column":21},"end":{"line":10,"column":65}},"4":{"start":{"line":11,"column":4},"end":{"line":11,"column":20}},"5":{"start":{"line":15,"column":18},"end":{"line":15,"column":63}},"6":{"start":{"line":16,"column":4},"end":{"line":16,"column":17}},"7":{"start":{"line":20,"column":18},"end":{"line":22,"column":6}},"8":{"start":{"line":23,"column":4},"end":{"line":23,"column":17}},"9":{"start":{"line":27,"column":24},"end":{"line":29,"column":6}},"10":{"start":{"line":30,"column":4},"end":{"line":30,"column":23}},"11":{"start":{"line":34,"column":25},"end":{"line":37,"column":5}},"12":{"start":{"line":38,"column":4},"end":{"line":38,"column":24}},"13":{"start":{"line":42,"column":0},"end":{"line":42,"column":26}}},"fnMap":{"0":{"name":"(anonymous_0)","decl":{"start":{"line":5,"column":2},"end":{"line":5,"column":3}},"loc":{"start":{"line":5,"column":27},"end":{"line":7,"column":3}},"line":5},"1":{"name":"(anonymous_1)","decl":{"start":{"line":9,"column":2},"end":{"line":9,"column":3}},"loc":{"start":{"line":9,"column":28},"end":{"line":12,"column":3}},"line":9},"2":{"name":"(anonymous_2)","decl":{"start":{"line":14,"column":2},"end":{"line":14,"column":3}},"loc":{"start":{"line":14,"column":25},"end":{"line":17,"column":3}},"line":14},"3":{"name":"(anonymous_3)","decl":{"start":{"line":19,"column":2},"end":{"line":19,"column":3}},"loc":{"start":{"line":19,"column":28},"end":{"line":24,"column":3}},"line":19},"4":{"name":"(anonymous_4)","decl":{"start":{"line":26,"column":2},"end":{"line":26,"column":3}},"loc":{"start":{"line":26,"column":26},"end":{"line":31,"column":3}},"line":26},"5":{"name":"(anonymous_5)","decl":{"start":{"line":33,"column":2},"end":{"line":33,"column":3}},"loc":{"start":{"line":33,"column":48},"end":{"line":39,"column":3}},"line":33}},"branchMap":{},"s":{"0":1,"1":1,"2":26,"3":18,"4":18,"5":1,"6":1,"7":5,"8":4,"9":1,"10":1,"11":1,"12":1,"13":1},"f":{"0":26,"1":18,"2":1,"3":5,"4":1,"5":1},"b":{},"_coverageSchema":"1a1c01bbd47fc00a2c39e90264f33305004495a9","hash":"ad14fd775a7c0e802b4a71c3fc5aca9856e044e8"}
,"E:\\Hactiv8\\Phase3\\final-project\\server\\services\\mongo\\models\\user.js": {"path":"E:\\Hactiv8\\Phase3\\final-project\\server\\services\\mongo\\models\\user.js","statementMap":{"0":{"start":{"line":1,"column":21},"end":{"line":1,"column":39}},"1":{"start":{"line":2,"column":18},"end":{"line":2,"column":44}},"2":{"start":{"line":3,"column":25},"end":{"line":3,"column":53}},"3":{"start":{"line":7,"column":4},"end":{"line":7,"column":39}},"4":{"start":{"line":11,"column":18},"end":{"line":14,"column":5}},"5":{"start":{"line":16,"column":20},"end":{"line":16,"column":64}},"6":{"start":{"line":17,"column":4},"end":{"line":17,"column":19}},"7":{"start":{"line":21,"column":18},"end":{"line":23,"column":16}},"8":{"start":{"line":24,"column":4},"end":{"line":24,"column":17}},"9":{"start":{"line":28,"column":18},"end":{"line":32,"column":5}},"10":{"start":{"line":33,"column":4},"end":{"line":33,"column":17}},"11":{"start":{"line":37,"column":17},"end":{"line":40,"column":5}},"12":{"start":{"line":41,"column":4},"end":{"line":41,"column":16}},"13":{"start":{"line":45,"column":24},"end":{"line":48,"column":5}},"14":{"start":{"line":49,"column":4},"end":{"line":49,"column":23}},"15":{"start":{"line":53,"column":19},"end":{"line":108,"column":16}},"16":{"start":{"line":110,"column":4},"end":{"line":112,"column":5}},"17":{"start":{"line":111,"column":6},"end":{"line":111,"column":18}},"18":{"start":{"line":115,"column":21},"end":{"line":115,"column":39}},"19":{"start":{"line":116,"column":4},"end":{"line":120,"column":5}},"20":{"start":{"line":117,"column":6},"end":{"line":119,"column":12}},"21":{"start":{"line":118,"column":8},"end":{"line":118,"column":49}},"22":{"start":{"line":122,"column":25},"end":{"line":122,"column":63}},"23":{"start":{"line":122,"column":51},"end":{"line":122,"column":62}},"24":{"start":{"line":124,"column":23},"end":{"line":143,"column":16}},"25":{"start":{"line":145,"column":26},"end":{"line":152,"column":16}},"26":{"start":{"line":154,"column":17},"end":{"line":154,"column":26}},"27":{"start":{"line":155,"column":4},"end":{"line":155,"column":57}},"28":{"start":{"line":157,"column":25},"end":{"line":160,"column":5}},"29":{"start":{"line":158,"column":23},"end":{"line":158,"column":42}},"30":{"start":{"line":161,"column":26},"end":{"line":163,"column":11}},"31":{"start":{"line":164,"column":4},"end":{"line":164,"column":56}},"32":{"start":{"line":166,"column":4},"end":{"line":166,"column":16}},"33":{"start":{"line":170,"column":19},"end":{"line":225,"column":16}},"34":{"start":{"line":227,"column":4},"end":{"line":229,"column":5}},"35":{"start":{"line":228,"column":6},"end":{"line":228,"column":18}},"36":{"start":{"line":231,"column":21},"end":{"line":231,"column":39}},"37":{"start":{"line":234,"column":4},"end":{"line":238,"column":5}},"38":{"start":{"line":235,"column":6},"end":{"line":237,"column":12}},"39":{"start":{"line":236,"column":8},"end":{"line":236,"column":49}},"40":{"start":{"line":240,"column":26},"end":{"line":240,"column":64}},"41":{"start":{"line":240,"column":52},"end":{"line":240,"column":63}},"42":{"start":{"line":242,"column":23},"end":{"line":261,"column":16}},"43":{"start":{"line":263,"column":26},"end":{"line":270,"column":16}},"44":{"start":{"line":272,"column":17},"end":{"line":272,"column":26}},"45":{"start":{"line":273,"column":4},"end":{"line":273,"column":57}},"46":{"start":{"line":275,"column":25},"end":{"line":278,"column":5}},"47":{"start":{"line":276,"column":23},"end":{"line":276,"column":42}},"48":{"start":{"line":279,"column":26},"end":{"line":281,"column":11}},"49":{"start":{"line":282,"column":4},"end":{"line":282,"column":56}},"50":{"start":{"line":284,"column":4},"end":{"line":284,"column":16}},"51":{"start":{"line":288,"column":0},"end":{"line":288,"column":22}}},"fnMap":{"0":{"name":"(anonymous_0)","decl":{"start":{"line":6,"column":2},"end":{"line":6,"column":3}},"loc":{"start":{"line":6,"column":26},"end":{"line":8,"column":3}},"line":6},"1":{"name":"(anonymous_1)","decl":{"start":{"line":10,"column":2},"end":{"line":10,"column":3}},"loc":{"start":{"line":10,"column":28},"end":{"line":18,"column":3}},"line":10},"2":{"name":"(anonymous_2)","decl":{"start":{"line":20,"column":2},"end":{"line":20,"column":3}},"loc":{"start":{"line":20,"column":51},"end":{"line":25,"column":3}},"line":20},"3":{"name":"(anonymous_3)","decl":{"start":{"line":27,"column":2},"end":{"line":27,"column":3}},"loc":{"start":{"line":27,"column":50},"end":{"line":34,"column":3}},"line":27},"4":{"name":"(anonymous_4)","decl":{"start":{"line":36,"column":2},"end":{"line":36,"column":3}},"loc":{"start":{"line":36,"column":40},"end":{"line":42,"column":3}},"line":36},"5":{"name":"(anonymous_5)","decl":{"start":{"line":44,"column":2},"end":{"line":44,"column":3}},"loc":{"start":{"line":44,"column":48},"end":{"line":50,"column":3}},"line":44},"6":{"name":"(anonymous_6)","decl":{"start":{"line":52,"column":2},"end":{"line":52,"column":3}},"loc":{"start":{"line":52,"column":42},"end":{"line":167,"column":3}},"line":52},"7":{"name":"(anonymous_7)","decl":{"start":{"line":117,"column":51},"end":{"line":117,"column":52}},"loc":{"start":{"line":117,"column":68},"end":{"line":119,"column":7}},"line":117},"8":{"name":"(anonymous_8)","decl":{"start":{"line":122,"column":38},"end":{"line":122,"column":39}},"loc":{"start":{"line":122,"column":51},"end":{"line":122,"column":62}},"line":122},"9":{"name":"(anonymous_9)","decl":{"start":{"line":158,"column":6},"end":{"line":158,"column":7}},"loc":{"start":{"line":158,"column":23},"end":{"line":158,"column":42}},"line":158},"10":{"name":"(anonymous_10)","decl":{"start":{"line":169,"column":2},"end":{"line":169,"column":3}},"loc":{"start":{"line":169,"column":42},"end":{"line":285,"column":3}},"line":169},"11":{"name":"(anonymous_11)","decl":{"start":{"line":235,"column":51},"end":{"line":235,"column":52}},"loc":{"start":{"line":235,"column":68},"end":{"line":237,"column":7}},"line":235},"12":{"name":"(anonymous_12)","decl":{"start":{"line":240,"column":39},"end":{"line":240,"column":40}},"loc":{"start":{"line":240,"column":52},"end":{"line":240,"column":63}},"line":240},"13":{"name":"(anonymous_13)","decl":{"start":{"line":276,"column":6},"end":{"line":276,"column":7}},"loc":{"start":{"line":276,"column":23},"end":{"line":276,"column":42}},"line":276}},"branchMap":{"0":{"loc":{"start":{"line":110,"column":4},"end":{"line":112,"column":5}},"type":"if","locations":[{"start":{"line":110,"column":4},"end":{"line":112,"column":5}},{"start":{},"end":{}}],"line":110},"1":{"loc":{"start":{"line":118,"column":24},"end":{"line":118,"column":47}},"type":"cond-expr","locations":[{"start":{"line":118,"column":42},"end":{"line":118,"column":43}},{"start":{"line":118,"column":46},"end":{"line":118,"column":47}}],"line":118},"2":{"loc":{"start":{"line":155,"column":17},"end":{"line":155,"column":56}},"type":"cond-expr","locations":[{"start":{"line":155,"column":33},"end":{"line":155,"column":52}},{"start":{"line":155,"column":55},"end":{"line":155,"column":56}}],"line":155},"3":{"loc":{"start":{"line":161,"column":26},"end":{"line":163,"column":11}},"type":"cond-expr","locations":[{"start":{"line":162,"column":8},"end":{"line":162,"column":43}},{"start":{"line":163,"column":8},"end":{"line":163,"column":11}}],"line":161},"4":{"loc":{"start":{"line":227,"column":4},"end":{"line":229,"column":5}},"type":"if","locations":[{"start":{"line":227,"column":4},"end":{"line":229,"column":5}},{"start":{},"end":{}}],"line":227},"5":{"loc":{"start":{"line":236,"column":24},"end":{"line":236,"column":47}},"type":"cond-expr","locations":[{"start":{"line":236,"column":42},"end":{"line":236,"column":43}},{"start":{"line":236,"column":46},"end":{"line":236,"column":47}}],"line":236},"6":{"loc":{"start":{"line":273,"column":17},"end":{"line":273,"column":56}},"type":"cond-expr","locations":[{"start":{"line":273,"column":33},"end":{"line":273,"column":52}},{"start":{"line":273,"column":55},"end":{"line":273,"column":56}}],"line":273},"7":{"loc":{"start":{"line":279,"column":26},"end":{"line":281,"column":11}},"type":"cond-expr","locations":[{"start":{"line":280,"column":8},"end":{"line":280,"column":43}},{"start":{"line":281,"column":8},"end":{"line":281,"column":11}}],"line":279}},"s":{"0":1,"1":1,"2":1,"3":314,"4":2,"5":2,"6":2,"7":5,"8":5,"9":159,"10":159,"11":138,"12":136,"13":3,"14":3,"15":3,"16":3,"17":2,"18":1,"19":1,"20":1,"21":2,"22":1,"23":1,"24":1,"25":1,"26":1,"27":1,"28":1,"29":1,"30":1,"31":1,"32":1,"33":4,"34":4,"35":3,"36":1,"37":1,"38":1,"39":2,"40":1,"41":1,"42":1,"43":1,"44":1,"45":1,"46":1,"47":0,"48":1,"49":1,"50":1,"51":1},"f":{"0":314,"1":2,"2":5,"3":159,"4":138,"5":3,"6":3,"7":2,"8":1,"9":1,"10":4,"11":2,"12":1,"13":0},"b":{"0":[2,1],"1":[0,2],"2":[0,1],"3":[1,0],"4":[3,1],"5":[0,2],"6":[0,1],"7":[0,1]},"_coverageSchema":"1a1c01bbd47fc00a2c39e90264f33305004495a9","hash":"750e34852dc678a9bd18ff262dcacf3384cdcb7c"}
,"E:\\Hactiv8\\Phase3\\final-project\\server\\services\\mongo\\models\\wallet.js": {"path":"E:\\Hactiv8\\Phase3\\final-project\\server\\services\\mongo\\models\\wallet.js","statementMap":{"0":{"start":{"line":1,"column":18},"end":{"line":1,"column":44}},"1":{"start":{"line":2,"column":21},"end":{"line":2,"column":39}},"2":{"start":{"line":6,"column":4},"end":{"line":6,"column":41}},"3":{"start":{"line":10,"column":22},"end":{"line":10,"column":67}},"4":{"start":{"line":11,"column":4},"end":{"line":11,"column":21}},"5":{"start":{"line":15,"column":19},"end":{"line":18,"column":6}},"6":{"start":{"line":19,"column":20},"end":{"line":19,"column":42}},"7":{"start":{"line":21,"column":30},"end":{"line":24,"column":5}},"8":{"start":{"line":22,"column":25},"end":{"line":22,"column":46}},"9":{"start":{"line":26,"column":4},"end":{"line":26,"column":29}},"10":{"start":{"line":30,"column":21},"end":{"line":33,"column":5}},"11":{"start":{"line":34,"column":4},"end":{"line":34,"column":20}},"12":{"start":{"line":38,"column":21},"end":{"line":41,"column":5}},"13":{"start":{"line":42,"column":4},"end":{"line":42,"column":20}},"14":{"start":{"line":46,"column":19},"end":{"line":49,"column":6}},"15":{"start":{"line":50,"column":20},"end":{"line":50,"column":42}},"16":{"start":{"line":51,"column":4},"end":{"line":51,"column":19}},"17":{"start":{"line":55,"column":0},"end":{"line":55,"column":24}}},"fnMap":{"0":{"name":"(anonymous_0)","decl":{"start":{"line":5,"column":2},"end":{"line":5,"column":3}},"loc":{"start":{"line":5,"column":28},"end":{"line":7,"column":3}},"line":5},"1":{"name":"(anonymous_1)","decl":{"start":{"line":9,"column":2},"end":{"line":9,"column":3}},"loc":{"start":{"line":9,"column":28},"end":{"line":12,"column":3}},"line":9},"2":{"name":"(anonymous_2)","decl":{"start":{"line":14,"column":2},"end":{"line":14,"column":3}},"loc":{"start":{"line":14,"column":41},"end":{"line":27,"column":3}},"line":14},"3":{"name":"(anonymous_3)","decl":{"start":{"line":22,"column":6},"end":{"line":22,"column":7}},"loc":{"start":{"line":22,"column":25},"end":{"line":22,"column":46}},"line":22},"4":{"name":"(anonymous_4)","decl":{"start":{"line":29,"column":2},"end":{"line":29,"column":3}},"loc":{"start":{"line":29,"column":54},"end":{"line":35,"column":3}},"line":29},"5":{"name":"(anonymous_5)","decl":{"start":{"line":37,"column":2},"end":{"line":37,"column":3}},"loc":{"start":{"line":37,"column":48},"end":{"line":43,"column":3}},"line":37},"6":{"name":"(anonymous_6)","decl":{"start":{"line":45,"column":2},"end":{"line":45,"column":3}},"loc":{"start":{"line":45,"column":53},"end":{"line":52,"column":3}},"line":45}},"branchMap":{},"s":{"0":1,"1":1,"2":7,"3":1,"4":1,"5":1,"6":1,"7":1,"8":1,"9":1,"10":2,"11":2,"12":1,"13":1,"14":2,"15":2,"16":2,"17":1},"f":{"0":7,"1":1,"2":1,"3":1,"4":2,"5":1,"6":2},"b":{},"_coverageSchema":"1a1c01bbd47fc00a2c39e90264f33305004495a9","hash":"bd2a211200e08c48f3cca54febe8b11730ed16a7"}
,"E:\\Hactiv8\\Phase3\\final-project\\server\\services\\mongo\\routes\\index.js": {"path":"E:\\Hactiv8\\Phase3\\final-project\\server\\services\\mongo\\routes\\index.js","statementMap":{"0":{"start":{"line":1,"column":19},"end":{"line":1,"column":54}},"1":{"start":{"line":3,"column":23},"end":{"line":3,"column":63}},"2":{"start":{"line":4,"column":27},"end":{"line":4,"column":66}},"3":{"start":{"line":5,"column":29},"end":{"line":5,"column":75}},"4":{"start":{"line":6,"column":15},"end":{"line":6,"column":47}},"5":{"start":{"line":8,"column":15},"end":{"line":8,"column":42}},"6":{"start":{"line":10,"column":0},"end":{"line":10,"column":33}},"7":{"start":{"line":13,"column":0},"end":{"line":13,"column":46}},"8":{"start":{"line":14,"column":0},"end":{"line":14,"column":40}},"9":{"start":{"line":15,"column":0},"end":{"line":15,"column":52}},"10":{"start":{"line":17,"column":0},"end":{"line":17,"column":50}},"11":{"start":{"line":18,"column":0},"end":{"line":18,"column":58}},"12":{"start":{"line":19,"column":0},"end":{"line":19,"column":52}},"13":{"start":{"line":20,"column":0},"end":{"line":20,"column":58}},"14":{"start":{"line":23,"column":0},"end":{"line":23,"column":27}},"15":{"start":{"line":26,"column":0},"end":{"line":26,"column":50}},"16":{"start":{"line":29,"column":0},"end":{"line":29,"column":41}},"17":{"start":{"line":30,"column":0},"end":{"line":30,"column":49}},"18":{"start":{"line":31,"column":0},"end":{"line":31,"column":44}},"19":{"start":{"line":33,"column":0},"end":{"line":33,"column":61}},"20":{"start":{"line":34,"column":0},"end":{"line":34,"column":57}},"21":{"start":{"line":36,"column":0},"end":{"line":36,"column":60}},"22":{"start":{"line":37,"column":0},"end":{"line":37,"column":46}},"23":{"start":{"line":38,"column":0},"end":{"line":38,"column":55}},"24":{"start":{"line":39,"column":0},"end":{"line":39,"column":50}},"25":{"start":{"line":41,"column":0},"end":{"line":41,"column":48}},"26":{"start":{"line":42,"column":0},"end":{"line":42,"column":47}},"27":{"start":{"line":43,"column":0},"end":{"line":43,"column":55}},"28":{"start":{"line":44,"column":0},"end":{"line":44,"column":57}},"29":{"start":{"line":45,"column":0},"end":{"line":45,"column":54}},"30":{"start":{"line":46,"column":0},"end":{"line":46,"column":62}},"31":{"start":{"line":48,"column":0},"end":{"line":48,"column":45}},"32":{"start":{"line":49,"column":0},"end":{"line":49,"column":52}},"33":{"start":{"line":52,"column":0},"end":{"line":56,"column":2}},"34":{"start":{"line":57,"column":0},"end":{"line":57,"column":79}},"35":{"start":{"line":59,"column":0},"end":{"line":59,"column":52}},"36":{"start":{"line":60,"column":0},"end":{"line":60,"column":64}},"37":{"start":{"line":61,"column":0},"end":{"line":61,"column":53}},"38":{"start":{"line":62,"column":0},"end":{"line":62,"column":62}},"39":{"start":{"line":64,"column":0},"end":{"line":64,"column":55}},"40":{"start":{"line":65,"column":0},"end":{"line":65,"column":60}},"41":{"start":{"line":66,"column":0},"end":{"line":66,"column":73}},"42":{"start":{"line":67,"column":0},"end":{"line":67,"column":66}},"43":{"start":{"line":69,"column":0},"end":{"line":69,"column":44}},"44":{"start":{"line":70,"column":0},"end":{"line":70,"column":42}},"45":{"start":{"line":71,"column":0},"end":{"line":71,"column":47}},"46":{"start":{"line":73,"column":0},"end":{"line":73,"column":42}},"47":{"start":{"line":74,"column":0},"end":{"line":74,"column":50}},"48":{"start":{"line":75,"column":0},"end":{"line":75,"column":49}},"49":{"start":{"line":76,"column":0},"end":{"line":76,"column":52}},"50":{"start":{"line":79,"column":0},"end":{"line":79,"column":80}},"51":{"start":{"line":82,"column":0},"end":{"line":86,"column":2}},"52":{"start":{"line":94,"column":0},"end":{"line":94,"column":56}},"53":{"start":{"line":95,"column":0},"end":{"line":95,"column":65}},"54":{"start":{"line":96,"column":0},"end":{"line":99,"column":2}},"55":{"start":{"line":100,"column":0},"end":{"line":100,"column":66}},"56":{"start":{"line":102,"column":0},"end":{"line":102,"column":24}}},"fnMap":{},"branchMap":{},"s":{"0":1,"1":1,"2":1,"3":1,"4":1,"5":1,"6":1,"7":1,"8":1,"9":1,"10":1,"11":1,"12":1,"13":1,"14":1,"15":1,"16":1,"17":1,"18":1,"19":1,"20":1,"21":1,"22":1,"23":1,"24":1,"25":1,"26":1,"27":1,"28":1,"29":1,"30":1,"31":1,"32":1,"33":1,"34":1,"35":1,"36":1,"37":1,"38":1,"39":1,"40":1,"41":1,"42":1,"43":1,"44":1,"45":1,"46":1,"47":1,"48":1,"49":1,"50":1,"51":1,"52":1,"53":1,"54":1,"55":1,"56":1},"f":{},"b":{},"_coverageSchema":"1a1c01bbd47fc00a2c39e90264f33305004495a9","hash":"f60b55d29338864ee6ef27a27f29bb5fe2c5fc3d"}
}
