TN:
SF:app.js
FNF:0
FNH:0
DA:1,1
DA:2,1
DA:3,1
DA:4,1
DA:5,1
DA:6,1
DA:8,1
DA:9,1
DA:10,1
DA:12,1
DA:14,1
DA:16,1
LF:12
LH:12
BRF:0
BRH:0
end_of_record
TN:
SF:config\mongo.js
FN:11,(anonymous_0)
FN:38,(anonymous_1)
FN:41,(anonymous_2)
FNF:3
FNH:3
FNDA:146,(anonymous_0)
FNDA:445,(anonymous_1)
FNDA:9,(anonymous_2)
DA:1,1
DA:3,1
DA:4,1
DA:5,1
DA:6,1
DA:8,1
DA:11,1
DA:12,146
DA:13,146
DA:14,146
DA:38,1
DA:39,445
DA:41,1
DA:42,9
DA:43,9
DA:50,1
LF:16
LH:16
BRDA:13,0,0,146
BRDA:13,0,1,0
BRF:2
BRH:1
end_of_record
TN:
SF:controller\controller.js
FN:26,(anonymous_0)
FN:36,(anonymous_1)
FN:44,(anonymous_2)
FN:88,(anonymous_3)
FN:92,(anonymous_4)
FN:103,(anonymous_5)
FN:130,validateEmail
FN:183,(anonymous_7)
FN:194,(anonymous_8)
FN:216,(anonymous_9)
FN:240,(anonymous_10)
FN:249,(anonymous_11)
FN:262,(anonymous_12)
FN:275,(anonymous_13)
FN:288,(anonymous_14)
FN:315,(anonymous_15)
FN:332,(anonymous_16)
FN:353,(anonymous_17)
FN:362,(anonymous_18)
FN:375,(anonymous_19)
FN:391,(anonymous_20)
FN:409,(anonymous_21)
FN:459,(anonymous_22)
FN:468,(anonymous_23)
FN:481,(anonymous_24)
FN:495,(anonymous_25)
FN:531,(anonymous_26)
FN:564,(anonymous_27)
FN:573,(anonymous_28)
FN:618,(anonymous_29)
FN:660,(anonymous_30)
FN:674,(anonymous_31)
FN:694,(anonymous_32)
FN:703,(anonymous_33)
FN:714,(anonymous_34)
FN:730,(anonymous_35)
FN:739,(anonymous_36)
FN:749,(anonymous_37)
FN:754,(anonymous_38)
FN:771,(anonymous_39)
FN:783,(anonymous_40)
FN:792,(anonymous_41)
FN:814,(anonymous_42)
FN:834,(anonymous_43)
FN:843,(anonymous_44)
FN:856,(anonymous_45)
FN:878,(anonymous_46)
FN:892,(anonymous_47)
FN:937,(anonymous_48)
FN:965,(anonymous_49)
FN:967,(anonymous_50)
FN:981,(anonymous_51)
FN:987,(anonymous_52)
FN:1022,(anonymous_53)
FN:1047,(anonymous_54)
FN:1057,(anonymous_55)
FN:1077,(anonymous_56)
FN:1113,oo_cm
FN:1113,oo_oo
FN:1113,oo_tr
FN:1113,oo_ts
FN:1113,oo_te
FNF:62
FNH:58
FNDA:0,(anonymous_0)
FNDA:1,(anonymous_1)
FNDA:1,(anonymous_2)
FNDA:2,(anonymous_3)
FNDA:1,(anonymous_4)
FNDA:11,(anonymous_5)
FNDA:5,validateEmail
FNDA:6,(anonymous_7)
FNDA:2,(anonymous_8)
FNDA:6,(anonymous_9)
FNDA:3,(anonymous_10)
FNDA:4,(anonymous_11)
FNDA:3,(anonymous_12)
FNDA:4,(anonymous_13)
FNDA:5,(anonymous_14)
FNDA:3,(anonymous_15)
FNDA:2,(anonymous_16)
FNDA:2,(anonymous_17)
FNDA:2,(anonymous_18)
FNDA:3,(anonymous_19)
FNDA:14,(anonymous_20)
FNDA:9,(anonymous_21)
FNDA:3,(anonymous_22)
FNDA:4,(anonymous_23)
FNDA:4,(anonymous_24)
FNDA:7,(anonymous_25)
FNDA:3,(anonymous_26)
FNDA:2,(anonymous_27)
FNDA:2,(anonymous_28)
FNDA:2,(anonymous_29)
FNDA:3,(anonymous_30)
FNDA:4,(anonymous_31)
FNDA:2,(anonymous_32)
FNDA:2,(anonymous_33)
FNDA:3,(anonymous_34)
FNDA:2,(anonymous_35)
FNDA:2,(anonymous_36)
FNDA:2,(anonymous_37)
FNDA:2,(anonymous_38)
FNDA:3,(anonymous_39)
FNDA:2,(anonymous_40)
FNDA:2,(anonymous_41)
FNDA:3,(anonymous_42)
FNDA:2,(anonymous_43)
FNDA:3,(anonymous_44)
FNDA:4,(anonymous_45)
FNDA:2,(anonymous_46)
FNDA:3,(anonymous_47)
FNDA:4,(anonymous_48)
FNDA:1,(anonymous_49)
FNDA:1,(anonymous_50)
FNDA:1,(anonymous_51)
FNDA:1,(anonymous_52)
FNDA:4,(anonymous_53)
FNDA:2,(anonymous_54)
FNDA:3,(anonymous_55)
FNDA:3,(anonymous_56)
FNDA:18,oo_cm
FNDA:18,oo_oo
FNDA:0,oo_tr
FNDA:0,oo_ts
FNDA:0,oo_te
DA:1,1
DA:2,1
DA:3,1
DA:4,1
DA:5,1
DA:6,1
DA:7,1
DA:8,1
DA:9,1
DA:10,1
DA:11,1
DA:12,1
DA:13,1
DA:14,1
DA:15,1
DA:16,1
DA:17,1
DA:19,1
DA:27,0
DA:28,0
DA:29,0
DA:31,0
DA:33,0
DA:37,1
DA:38,1
DA:40,0
DA:45,1
DA:46,1
DA:82,1
DA:84,0
DA:89,2
DA:90,2
DA:92,1
DA:93,1
DA:94,1
DA:97,1
DA:99,1
DA:104,11
DA:105,11
DA:106,11
DA:107,1
DA:109,10
DA:110,1
DA:112,9
DA:113,1
DA:115,8
DA:116,1
DA:118,7
DA:119,1
DA:123,6
DA:124,5
DA:126,1
DA:131,5
DA:132,5
DA:135,5
DA:136,5
DA:137,5
DA:138,4
DA:140,1
DA:145,4
DA:182,4
DA:183,4
DA:184,6
DA:187,4
DA:188,3
DA:190,1
DA:193,3
DA:194,3
DA:195,3
DA:196,3
DA:197,1
DA:200,2
DA:208,2
DA:212,9
DA:217,6
DA:218,6
DA:219,6
DA:220,1
DA:222,5
DA:223,1
DA:225,4
DA:226,4
DA:227,1
DA:229,3
DA:230,3
DA:231,1
DA:233,2
DA:234,2
DA:236,4
DA:241,3
DA:242,3
DA:243,2
DA:245,1
DA:250,4
DA:251,4
DA:252,4
DA:253,2
DA:254,1
DA:256,1
DA:258,3
DA:263,3
DA:264,3
DA:265,3
DA:266,2
DA:267,1
DA:269,1
DA:271,2
DA:276,4
DA:277,4
DA:278,4
DA:279,3
DA:280,2
DA:282,1
DA:284,3
DA:289,5
DA:290,5
DA:291,5
DA:292,5
DA:293,1
DA:295,4
DA:296,1
DA:298,3
DA:299,1
DA:301,2
DA:302,1
DA:304,1
DA:307,1
DA:311,4
DA:316,3
DA:317,3
DA:318,3
DA:319,3
DA:320,1
DA:322,2
DA:323,2
DA:328,1
DA:333,2
DA:334,2
DA:335,2
DA:336,2
DA:337,1
DA:339,1
DA:344,1
DA:349,1
DA:354,2
DA:355,2
DA:356,1
DA:358,1
DA:363,2
DA:364,2
DA:365,2
DA:366,2
DA:367,1
DA:369,1
DA:371,1
DA:376,3
DA:377,3
DA:378,3
DA:379,3
DA:380,1
DA:382,2
DA:385,1
DA:387,2
DA:392,14
DA:393,14
DA:394,14
DA:395,1
DA:397,13
DA:398,1
DA:400,12
DA:401,2
DA:403,10
DA:404,1
DA:406,9
DA:408,9
DA:410,9
DA:424,9
DA:439,9
DA:440,18
DA:443,9
DA:455,5
DA:460,3
DA:461,3
DA:462,2
DA:464,1
DA:469,4
DA:470,4
DA:471,4
DA:472,4
DA:473,1
DA:475,3
DA:477,1
DA:482,4
DA:483,4
DA:484,4
DA:485,3
DA:486,2
DA:488,1
DA:489,1
DA:491,3
DA:496,7
DA:497,7
DA:498,7
DA:499,7
DA:500,1
DA:502,6
DA:503,1
DA:505,5
DA:506,1
DA:509,4
DA:513,4
DA:517,4
DA:521,4
DA:522,1
DA:525,3
DA:527,4
DA:532,3
DA:533,3
DA:534,3
DA:536,3
DA:544,3
DA:545,1
DA:548,2
DA:552,2
DA:553,0
DA:556,2
DA:560,1
DA:565,2
DA:566,2
DA:567,1
DA:569,1
DA:574,2
DA:575,2
DA:577,2
DA:578,2
DA:579,0
DA:582,2
DA:583,0
DA:586,2
DA:587,0
DA:590,2
DA:592,2
DA:593,0
DA:598,2
DA:600,2
DA:601,0
DA:604,2
DA:610,2
DA:614,0
DA:619,2
DA:620,2
DA:622,2
DA:623,0
DA:626,2
DA:627,0
DA:630,2
DA:631,0
DA:634,2
DA:636,2
DA:637,0
DA:642,2
DA:644,2
DA:645,0
DA:648,2
DA:654,1
DA:656,1
DA:661,3
DA:662,3
DA:663,3
DA:664,3
DA:665,1
DA:667,2
DA:668,1
DA:670,2
DA:675,4
DA:676,4
DA:677,4
DA:678,1
DA:680,3
DA:681,3
DA:682,1
DA:684,2
DA:685,2
DA:690,2
DA:695,2
DA:696,2
DA:697,1
DA:699,1
DA:704,2
DA:705,2
DA:706,2
DA:707,2
DA:708,1
DA:710,1
DA:715,3
DA:716,3
DA:717,3
DA:718,2
DA:719,1
DA:721,1
DA:722,1
DA:726,2
DA:731,2
DA:732,2
DA:733,1
DA:735,1
DA:740,2
DA:741,2
DA:742,2
DA:743,1
DA:745,1
DA:750,2
DA:751,2
DA:752,2
DA:754,2
DA:755,2
DA:756,2
DA:759,2
DA:760,2
DA:761,2
DA:762,1
DA:765,1
DA:767,1
DA:772,3
DA:773,3
DA:774,3
DA:775,2
DA:776,1
DA:778,1
DA:780,1
DA:784,2
DA:785,2
DA:786,1
DA:788,1
DA:793,2
DA:794,2
DA:795,2
DA:796,2
DA:797,1
DA:799,1
DA:804,1
DA:806,1
DA:810,1
DA:815,3
DA:816,3
DA:817,3
DA:818,3
DA:819,1
DA:821,2
DA:823,2
DA:824,2
DA:825,1
DA:828,1
DA:830,2
DA:835,2
DA:836,2
DA:837,1
DA:839,1
DA:844,3
DA:845,3
DA:846,3
DA:847,2
DA:848,1
DA:850,1
DA:852,2
DA:857,4
DA:858,4
DA:859,4
DA:860,4
DA:861,1
DA:863,3
DA:864,1
DA:866,2
DA:867,1
DA:869,1
DA:872,1
DA:874,3
DA:879,2
DA:880,2
DA:881,2
DA:882,2
DA:883,1
DA:885,1
DA:886,1
DA:888,1
DA:893,3
DA:894,3
DA:895,3
DA:896,1
DA:899,2
DA:900,2
DA:902,2
DA:905,1
DA:908,1
DA:914,1
DA:929,1
DA:930,1
DA:932,2
DA:938,4
DA:939,4
DA:940,4
DA:943,4
DA:945,4
DA:947,4
DA:951,4
DA:952,1
DA:955,3
DA:957,3
DA:958,1
DA:963,2
DA:964,2
DA:965,1
DA:966,1
DA:968,1
DA:969,0
DA:971,1
DA:976,1
DA:977,1
DA:980,2
DA:981,1
DA:982,1
DA:988,1
DA:989,0
DA:991,1
DA:997,1
DA:998,1
DA:1001,2
DA:1007,2
DA:1009,1
DA:1010,1
DA:1017,1
DA:1023,4
DA:1024,4
DA:1025,4
DA:1026,1
DA:1028,3
DA:1029,3
DA:1030,1
DA:1032,2
DA:1039,1
DA:1043,3
DA:1048,2
DA:1049,2
DA:1050,2
DA:1051,1
DA:1053,1
DA:1058,3
DA:1059,3
DA:1060,3
DA:1061,3
DA:1068,2
DA:1069,1
DA:1071,1
DA:1073,2
DA:1078,3
DA:1079,3
DA:1081,3
DA:1086,2
DA:1087,1
DA:1090,1
DA:1091,1
DA:1094,1
DA:1097,1
DA:1101,2
DA:1106,1
DA:1113,18
LF:466
LH:445
BRDA:106,0,0,1
BRDA:106,0,1,10
BRDA:109,1,0,1
BRDA:109,1,1,9
BRDA:112,2,0,1
BRDA:112,2,1,8
BRDA:115,3,0,1
BRDA:115,3,1,7
BRDA:118,4,0,1
BRDA:118,4,1,6
BRDA:123,5,0,5
BRDA:123,5,1,1
BRDA:135,6,0,5
BRDA:135,6,1,0
BRDA:137,7,0,4
BRDA:137,7,1,1
BRDA:187,8,0,3
BRDA:187,8,1,1
BRDA:196,9,0,1
BRDA:196,9,1,2
BRDA:219,10,0,1
BRDA:219,10,1,5
BRDA:222,11,0,1
BRDA:222,11,1,4
BRDA:226,12,0,1
BRDA:226,12,1,3
BRDA:230,13,0,1
BRDA:230,13,1,2
BRDA:253,14,0,1
BRDA:253,14,1,1
BRDA:266,15,0,1
BRDA:266,15,1,1
BRDA:279,16,0,2
BRDA:279,16,1,1
BRDA:292,17,0,1
BRDA:292,17,1,4
BRDA:295,18,0,1
BRDA:295,18,1,3
BRDA:298,19,0,1
BRDA:298,19,1,2
BRDA:301,20,0,1
BRDA:301,20,1,1
BRDA:319,21,0,1
BRDA:319,21,1,2
BRDA:336,22,0,1
BRDA:336,22,1,1
BRDA:336,23,0,2
BRDA:336,23,1,1
BRDA:336,23,2,1
BRDA:366,24,0,1
BRDA:366,24,1,1
BRDA:379,25,0,1
BRDA:379,25,1,2
BRDA:379,26,0,3
BRDA:379,26,1,2
BRDA:379,26,2,2
BRDA:394,27,0,1
BRDA:394,27,1,13
BRDA:397,28,0,1
BRDA:397,28,1,12
BRDA:400,29,0,2
BRDA:400,29,1,10
BRDA:403,30,0,1
BRDA:403,30,1,9
BRDA:472,31,0,1
BRDA:472,31,1,3
BRDA:485,32,0,2
BRDA:485,32,1,1
BRDA:499,33,0,1
BRDA:499,33,1,6
BRDA:502,34,0,1
BRDA:502,34,1,5
BRDA:505,35,0,1
BRDA:505,35,1,4
BRDA:521,36,0,1
BRDA:521,36,1,3
BRDA:521,37,0,4
BRDA:521,37,1,3
BRDA:521,37,2,3
BRDA:544,38,0,1
BRDA:544,38,1,2
BRDA:544,39,0,3
BRDA:544,39,1,3
BRDA:552,40,0,0
BRDA:552,40,1,2
BRDA:578,41,0,0
BRDA:578,41,1,2
BRDA:582,42,0,0
BRDA:582,42,1,2
BRDA:586,43,0,0
BRDA:586,43,1,2
BRDA:592,44,0,0
BRDA:592,44,1,2
BRDA:592,45,0,2
BRDA:592,45,1,2
BRDA:592,45,2,2
BRDA:600,46,0,0
BRDA:600,46,1,2
BRDA:622,47,0,0
BRDA:622,47,1,2
BRDA:626,48,0,0
BRDA:626,48,1,2
BRDA:630,49,0,0
BRDA:630,49,1,2
BRDA:636,50,0,0
BRDA:636,50,1,2
BRDA:636,51,0,2
BRDA:636,51,1,2
BRDA:636,51,2,2
BRDA:644,52,0,0
BRDA:644,52,1,2
BRDA:664,53,0,1
BRDA:664,53,1,2
BRDA:677,54,0,1
BRDA:677,54,1,3
BRDA:677,55,0,4
BRDA:677,55,1,3
BRDA:681,56,0,1
BRDA:681,56,1,2
BRDA:718,57,0,1
BRDA:718,57,1,1
BRDA:775,58,0,1
BRDA:775,58,1,1
BRDA:796,59,0,1
BRDA:796,59,1,1
BRDA:818,60,0,1
BRDA:818,60,1,2
BRDA:824,61,0,1
BRDA:824,61,1,1
BRDA:847,62,0,1
BRDA:847,62,1,1
BRDA:860,63,0,1
BRDA:860,63,1,3
BRDA:863,64,0,1
BRDA:863,64,1,2
BRDA:866,65,0,1
BRDA:866,65,1,1
BRDA:882,66,0,1
BRDA:882,66,1,1
BRDA:895,67,0,1
BRDA:895,67,1,2
BRDA:902,68,0,1
BRDA:902,68,1,1
BRDA:943,69,0,1
BRDA:943,69,1,3
BRDA:943,70,0,4
BRDA:943,70,1,3
BRDA:945,71,0,1
BRDA:945,71,1,3
BRDA:945,72,0,4
BRDA:945,72,1,3
BRDA:951,73,0,1
BRDA:951,73,1,3
BRDA:957,74,0,1
BRDA:957,74,1,2
BRDA:964,75,0,1
BRDA:964,75,1,1
BRDA:968,76,0,0
BRDA:968,76,1,1
BRDA:980,77,0,1
BRDA:980,77,1,1
BRDA:988,78,0,0
BRDA:988,78,1,1
BRDA:1025,79,0,1
BRDA:1025,79,1,3
BRDA:1029,80,0,1
BRDA:1029,80,1,2
BRDA:1068,81,0,1
BRDA:1068,81,1,1
BRDA:1086,82,0,1
BRDA:1086,82,1,1
BRDA:1113,83,0,18
BRDA:1113,83,1,0
BRF:173
BRH:158
end_of_record
TN:
SF:helpers\bcrypt.js
FN:3,(anonymous_0)
FN:9,(anonymous_1)
FNF:2
FNH:2
FNDA:2,(anonymous_0)
FNDA:3,(anonymous_1)
DA:1,1
DA:3,1
DA:4,2
DA:5,2
DA:6,2
DA:9,1
DA:10,3
DA:13,1
LF:8
LH:8
BRF:0
BRH:0
end_of_record
TN:
SF:helpers\jwt.js
FN:4,signToken
FN:8,verifyToken
FNF:2
FNH:2
FNDA:146,signToken
FNDA:135,verifyToken
DA:1,1
DA:2,1
DA:5,146
DA:9,135
DA:12,1
LF:5
LH:5
BRF:0
BRH:0
end_of_record
TN:
SF:middlewares\authentication.js
FN:4,(anonymous_0)
FNF:1
FNH:1
FNDA:136,(anonymous_0)
DA:1,1
DA:2,1
DA:4,1
DA:5,136
DA:6,136
DA:7,136
DA:8,1
DA:10,135
DA:11,134
DA:12,134
DA:13,1
DA:16,133
DA:22,133
DA:24,3
DA:28,1
LF:15
LH:15
BRDA:7,0,0,1
BRDA:7,0,1,135
BRDA:12,1,0,1
BRDA:12,1,1,133
BRF:4
BRH:4
end_of_record
TN:
SF:middlewares\authorization.js
FN:3,authorizationBuddy
FN:36,oo_cm
FN:36,oo_oo
FN:36,oo_tr
FN:36,oo_ts
FN:36,oo_te
FNF:6
FNH:3
FNDA:6,authorizationBuddy
FNDA:6,oo_cm
FNDA:6,oo_oo
FNDA:0,oo_tr
FNDA:0,oo_ts
FNDA:0,oo_te
DA:1,1
DA:5,6
DA:6,6
DA:8,6
DA:10,6
DA:11,0
DA:14,6
DA:15,4
DA:16,4
DA:19,2
DA:20,2
DA:24,2
DA:29,1
DA:36,6
LF:14
LH:13
BRDA:10,0,0,0
BRDA:10,0,1,6
BRDA:14,1,0,4
BRDA:14,1,1,2
BRDA:36,2,0,6
BRDA:36,2,1,0
BRF:6
BRH:4
end_of_record
TN:
SF:middlewares\authorizationStudent.js
FN:3,authorizationStudent
FN:36,oo_cm
FN:36,oo_oo
FN:36,oo_tr
FN:36,oo_ts
FN:36,oo_te
FNF:6
FNH:3
FNDA:3,authorizationStudent
FNDA:3,oo_cm
FNDA:3,oo_oo
FNDA:0,oo_tr
FNDA:0,oo_ts
FNDA:0,oo_te
DA:1,1
DA:5,3
DA:6,3
DA:8,3
DA:10,3
DA:11,0
DA:14,3
DA:15,2
DA:16,2
DA:19,1
DA:20,1
DA:24,1
DA:29,1
DA:36,3
LF:14
LH:13
BRDA:10,0,0,0
BRDA:10,0,1,3
BRDA:14,1,0,2
BRDA:14,1,1,1
BRDA:36,2,0,3
BRDA:36,2,1,0
BRF:6
BRH:4
end_of_record
TN:
SF:middlewares\errorHandler.js
FN:1,(anonymous_0)
FN:144,oo_cm
FN:144,oo_oo
FN:144,oo_tr
FN:144,oo_ts
FN:144,oo_te
FNF:6
FNH:3
FNDA:90,(anonymous_0)
FNDA:90,oo_cm
FNDA:90,oo_oo
FNDA:0,oo_tr
FNDA:0,oo_ts
FNDA:0,oo_te
DA:1,1
DA:2,90
DA:3,90
DA:4,90
DA:6,90
DA:7,2
DA:8,2
DA:9,88
DA:10,3
DA:11,3
DA:12,85
DA:13,2
DA:14,2
DA:15,83
DA:16,1
DA:17,1
DA:18,82
DA:19,2
DA:20,2
DA:21,80
DA:25,3
DA:26,3
DA:27,77
DA:28,2
DA:29,2
DA:30,75
DA:31,1
DA:32,1
DA:33,74
DA:34,2
DA:35,2
DA:36,72
DA:37,2
DA:38,2
DA:39,70
DA:40,3
DA:41,3
DA:42,67
DA:43,3
DA:44,3
DA:45,64
DA:46,1
DA:47,1
DA:48,63
DA:49,1
DA:50,1
DA:51,62
DA:52,1
DA:53,1
DA:54,61
DA:55,1
DA:56,1
DA:57,60
DA:58,7
DA:59,7
DA:60,53
DA:61,1
DA:62,1
DA:63,52
DA:64,2
DA:65,2
DA:66,50
DA:67,2
DA:68,2
DA:69,48
DA:70,1
DA:71,1
DA:72,47
DA:73,4
DA:74,4
DA:75,43
DA:76,2
DA:77,2
DA:78,41
DA:79,1
DA:80,1
DA:81,40
DA:82,1
DA:83,1
DA:84,39
DA:85,1
DA:86,1
DA:87,38
DA:88,1
DA:89,1
DA:90,37
DA:91,3
DA:92,3
DA:93,34
DA:94,2
DA:95,2
DA:96,32
DA:97,1
DA:98,1
DA:99,31
DA:100,1
DA:101,1
DA:102,30
DA:103,1
DA:104,1
DA:105,29
DA:106,1
DA:107,1
DA:108,28
DA:109,1
DA:110,1
DA:111,27
DA:112,1
DA:113,1
DA:114,26
DA:115,1
DA:116,1
DA:117,25
DA:118,1
DA:119,1
DA:120,24
DA:121,1
DA:122,1
DA:123,23
DA:124,1
DA:125,1
DA:126,22
DA:127,1
DA:128,1
DA:134,90
DA:137,1
DA:144,90
LF:127
LH:127
BRDA:6,0,0,2
BRDA:6,0,1,88
BRDA:9,1,0,3
BRDA:9,1,1,85
BRDA:12,2,0,2
BRDA:12,2,1,83
BRDA:15,3,0,1
BRDA:15,3,1,82
BRDA:18,4,0,2
BRDA:18,4,1,80
BRDA:21,5,0,3
BRDA:21,5,1,77
BRDA:22,6,0,80
BRDA:22,6,1,78
BRDA:27,7,0,2
BRDA:27,7,1,75
BRDA:30,8,0,1
BRDA:30,8,1,74
BRDA:33,9,0,2
BRDA:33,9,1,72
BRDA:36,10,0,2
BRDA:36,10,1,70
BRDA:39,11,0,3
BRDA:39,11,1,67
BRDA:42,12,0,3
BRDA:42,12,1,64
BRDA:45,13,0,1
BRDA:45,13,1,63
BRDA:48,14,0,1
BRDA:48,14,1,62
BRDA:51,15,0,1
BRDA:51,15,1,61
BRDA:54,16,0,1
BRDA:54,16,1,60
BRDA:57,17,0,7
BRDA:57,17,1,53
BRDA:60,18,0,1
BRDA:60,18,1,52
BRDA:63,19,0,2
BRDA:63,19,1,50
BRDA:66,20,0,2
BRDA:66,20,1,48
BRDA:69,21,0,1
BRDA:69,21,1,47
BRDA:72,22,0,4
BRDA:72,22,1,43
BRDA:75,23,0,2
BRDA:75,23,1,41
BRDA:78,24,0,1
BRDA:78,24,1,40
BRDA:81,25,0,1
BRDA:81,25,1,39
BRDA:84,26,0,1
BRDA:84,26,1,38
BRDA:87,27,0,1
BRDA:87,27,1,37
BRDA:90,28,0,3
BRDA:90,28,1,34
BRDA:93,29,0,2
BRDA:93,29,1,32
BRDA:96,30,0,1
BRDA:96,30,1,31
BRDA:99,31,0,1
BRDA:99,31,1,30
BRDA:102,32,0,1
BRDA:102,32,1,29
BRDA:105,33,0,1
BRDA:105,33,1,28
BRDA:108,34,0,1
BRDA:108,34,1,27
BRDA:111,35,0,1
BRDA:111,35,1,26
BRDA:114,36,0,1
BRDA:114,36,1,25
BRDA:117,37,0,1
BRDA:117,37,1,24
BRDA:120,38,0,1
BRDA:120,38,1,23
BRDA:123,39,0,1
BRDA:123,39,1,22
BRDA:126,40,0,1
BRDA:126,40,1,21
BRDA:144,41,0,90
BRDA:144,41,1,0
BRF:84
BRH:83
end_of_record
TN:
SF:middlewares\multer.js
FNF:0
FNH:0
DA:1,1
DA:2,1
DA:3,1
DA:5,1
LF:4
LH:4
BRF:0
BRH:0
end_of_record
TN:
SF:models\category.js
FN:5,(anonymous_0)
FN:9,(anonymous_1)
FN:14,(anonymous_2)
FN:19,(anonymous_3)
FN:26,(anonymous_4)
FN:33,(anonymous_5)
FNF:6
FNH:6
FNDA:12,(anonymous_0)
FNDA:2,(anonymous_1)
FNDA:2,(anonymous_2)
FNDA:3,(anonymous_3)
FNDA:1,(anonymous_4)
FNDA:4,(anonymous_5)
DA:1,1
DA:2,1
DA:6,12
DA:10,2
DA:11,2
DA:15,2
DA:16,2
DA:20,3
DA:23,2
DA:27,1
DA:30,1
DA:34,4
DA:36,4
DA:37,2
DA:38,2
DA:76,2
DA:79,4
DA:83,1
LF:18
LH:18
BRDA:36,0,0,2
BRDA:36,0,1,2
BRF:2
BRH:2
end_of_record
TN:
SF:models\like.js
FN:5,(anonymous_0)
FN:9,(anonymous_1)
FN:14,(anonymous_2)
FN:19,(anonymous_3)
FNF:4
FNH:4
FNDA:4,(anonymous_0)
FNDA:1,(anonymous_1)
FNDA:1,(anonymous_2)
FNDA:2,(anonymous_3)
DA:1,1
DA:2,1
DA:6,4
DA:10,1
DA:11,1
DA:15,1
DA:16,1
DA:20,2
DA:23,2
DA:27,1
LF:10
LH:10
BRF:0
BRH:0
end_of_record
TN:
SF:models\project.js
FN:5,(anonymous_0)
FN:9,(anonymous_1)
FN:17,(anonymous_2)
FN:24,(anonymous_3)
FN:32,(anonymous_4)
FN:38,(anonymous_5)
FN:44,(anonymous_6)
FN:177,(anonymous_7)
FN:269,(anonymous_8)
FNF:9
FNH:9
FNDA:36,(anonymous_0)
FNDA:9,(anonymous_1)
FNDA:1,(anonymous_2)
FNDA:14,(anonymous_3)
FNDA:10,(anonymous_4)
FNDA:1,(anonymous_5)
FNDA:6,(anonymous_6)
FNDA:2,(anonymous_7)
FNDA:4,(anonymous_8)
DA:1,1
DA:2,1
DA:6,36
DA:10,9
DA:13,9
DA:14,9
DA:18,1
DA:21,1
DA:25,14
DA:29,14
DA:33,10
DA:34,9
DA:37,1
DA:38,1
DA:41,1
DA:45,6
DA:47,6
DA:150,6
DA:151,1
DA:155,5
DA:156,5
DA:161,5
DA:165,5
DA:168,5
DA:172,5
DA:174,5
DA:178,2
DA:266,2
DA:270,4
DA:274,3
DA:278,1
LF:31
LH:31
BRDA:33,0,0,9
BRDA:33,0,1,1
BRDA:150,1,0,1
BRDA:150,1,1,5
BRF:4
BRH:4
end_of_record
TN:
SF:models\rating.js
FN:5,(anonymous_0)
FN:9,(anonymous_1)
FN:14,(anonymous_2)
FN:22,(anonymous_3)
FN:27,(anonymous_4)
FN:35,(anonymous_5)
FNF:6
FNH:6
FNDA:10,(anonymous_0)
FNDA:3,(anonymous_1)
FNDA:2,(anonymous_2)
FNDA:1,(anonymous_3)
FNDA:2,(anonymous_4)
FNDA:2,(anonymous_5)
DA:1,1
DA:2,1
DA:6,10
DA:10,3
DA:11,3
DA:15,2
DA:19,1
DA:23,1
DA:24,1
DA:28,2
DA:32,2
DA:36,2
DA:40,2
DA:44,1
LF:14
LH:14
BRF:0
BRH:0
end_of_record
TN:
SF:models\review.js
FN:5,(anonymous_0)
FN:9,(anonymous_1)
FN:14,(anonymous_2)
FN:19,(anonymous_3)
FN:24,(anonymous_4)
FNF:5
FNH:5
FNDA:6,(anonymous_0)
FNDA:1,(anonymous_1)
FNDA:1,(anonymous_2)
FNDA:2,(anonymous_3)
FNDA:2,(anonymous_4)
DA:1,1
DA:2,1
DA:6,6
DA:10,1
DA:11,1
DA:15,1
DA:16,1
DA:20,2
DA:21,1
DA:25,2
DA:26,2
DA:30,1
LF:12
LH:12
BRF:0
BRH:0
end_of_record
TN:
SF:models\specialist.js
FN:5,(anonymous_0)
FN:9,(anonymous_1)
FN:14,(anonymous_2)
FN:53,(anonymous_3)
FN:97,(anonymous_4)
FNF:5
FNH:5
FNDA:5,(anonymous_0)
FNDA:1,(anonymous_1)
FNDA:1,(anonymous_2)
FNDA:1,(anonymous_3)
FNDA:2,(anonymous_4)
DA:1,1
DA:2,1
DA:6,5
DA:10,1
DA:11,1
DA:15,1
DA:54,1
DA:56,1
DA:98,2
DA:101,2
DA:105,1
LF:11
LH:11
BRF:0
BRH:0
end_of_record
TN:
SF:models\storage.js
FN:5,(anonymous_0)
FN:9,(anonymous_1)
FN:14,(anonymous_2)
FNF:3
FNH:3
FNDA:4,(anonymous_0)
FNDA:1,(anonymous_1)
FNDA:3,(anonymous_2)
DA:1,1
DA:2,1
DA:6,4
DA:10,1
DA:11,1
DA:15,3
DA:18,3
DA:22,1
LF:8
LH:8
BRF:0
BRH:0
end_of_record
TN:
SF:models\todolist.js
FN:5,(anonymous_0)
FN:9,(anonymous_1)
FN:14,(anonymous_2)
FN:19,(anonymous_3)
FN:26,(anonymous_4)
FN:33,(anonymous_5)
FNF:6
FNH:6
FNDA:26,(anonymous_0)
FNDA:18,(anonymous_1)
FNDA:1,(anonymous_2)
FNDA:5,(anonymous_3)
FNDA:1,(anonymous_4)
FNDA:1,(anonymous_5)
DA:1,1
DA:2,1
DA:6,26
DA:10,18
DA:11,18
DA:15,1
DA:16,1
DA:20,5
DA:23,4
DA:27,1
DA:30,1
DA:34,1
DA:38,1
DA:42,1
LF:14
LH:14
BRF:0
BRH:0
end_of_record
TN:
SF:models\user.js
FN:6,(anonymous_0)
FN:10,(anonymous_1)
FN:20,(anonymous_2)
FN:27,(anonymous_3)
FN:36,(anonymous_4)
FN:44,(anonymous_5)
FN:52,(anonymous_6)
FN:117,(anonymous_7)
FN:122,(anonymous_8)
FN:158,(anonymous_9)
FN:169,(anonymous_10)
FN:235,(anonymous_11)
FN:240,(anonymous_12)
FN:276,(anonymous_13)
FNF:14
FNH:13
FNDA:314,(anonymous_0)
FNDA:2,(anonymous_1)
FNDA:5,(anonymous_2)
FNDA:159,(anonymous_3)
FNDA:138,(anonymous_4)
FNDA:3,(anonymous_5)
FNDA:3,(anonymous_6)
FNDA:2,(anonymous_7)
FNDA:1,(anonymous_8)
FNDA:1,(anonymous_9)
FNDA:4,(anonymous_10)
FNDA:2,(anonymous_11)
FNDA:1,(anonymous_12)
FNDA:0,(anonymous_13)
DA:1,1
DA:2,1
DA:3,1
DA:7,314
DA:11,2
DA:16,2
DA:17,2
DA:21,5
DA:24,5
DA:28,159
DA:33,159
DA:37,138
DA:41,136
DA:45,3
DA:49,3
DA:53,3
DA:110,3
DA:111,2
DA:115,1
DA:116,1
DA:117,1
DA:118,2
DA:122,1
DA:124,1
DA:145,1
DA:154,1
DA:155,1
DA:157,1
DA:158,1
DA:161,1
DA:164,1
DA:166,1
DA:170,4
DA:227,4
DA:228,3
DA:231,1
DA:234,1
DA:235,1
DA:236,2
DA:240,1
DA:242,1
DA:263,1
DA:272,1
DA:273,1
DA:275,1
DA:276,0
DA:279,1
DA:282,1
DA:284,1
DA:288,1
LF:50
LH:49
BRDA:110,0,0,2
BRDA:110,0,1,1
BRDA:118,1,0,0
BRDA:118,1,1,2
BRDA:155,2,0,0
BRDA:155,2,1,1
BRDA:161,3,0,1
BRDA:161,3,1,0
BRDA:227,4,0,3
BRDA:227,4,1,1
BRDA:236,5,0,0
BRDA:236,5,1,2
BRDA:273,6,0,0
BRDA:273,6,1,1
BRDA:279,7,0,0
BRDA:279,7,1,1
BRF:16
BRH:10
end_of_record
TN:
SF:models\wallet.js
FN:5,(anonymous_0)
FN:9,(anonymous_1)
FN:14,(anonymous_2)
FN:22,(anonymous_3)
FN:29,(anonymous_4)
FN:37,(anonymous_5)
FN:45,(anonymous_6)
FNF:7
FNH:7
FNDA:7,(anonymous_0)
FNDA:1,(anonymous_1)
FNDA:1,(anonymous_2)
FNDA:1,(anonymous_3)
FNDA:2,(anonymous_4)
FNDA:1,(anonymous_5)
FNDA:2,(anonymous_6)
DA:1,1
DA:2,1
DA:6,7
DA:10,1
DA:11,1
DA:15,1
DA:19,1
DA:21,1
DA:22,1
DA:26,1
DA:30,2
DA:34,2
DA:38,1
DA:42,1
DA:46,2
DA:50,2
DA:51,2
DA:55,1
LF:18
LH:18
BRF:0
BRH:0
end_of_record
TN:
SF:routes\index.js
FNF:0
FNH:0
DA:1,1
DA:3,1
DA:4,1
DA:5,1
DA:6,1
DA:8,1
DA:10,1
DA:13,1
DA:14,1
DA:15,1
DA:17,1
DA:18,1
DA:19,1
DA:20,1
DA:23,1
DA:26,1
DA:29,1
DA:30,1
DA:31,1
DA:33,1
DA:34,1
DA:36,1
DA:37,1
DA:38,1
DA:39,1
DA:41,1
DA:42,1
DA:43,1
DA:44,1
DA:45,1
DA:46,1
DA:48,1
DA:49,1
DA:52,1
DA:57,1
DA:59,1
DA:60,1
DA:61,1
DA:62,1
DA:64,1
DA:65,1
DA:66,1
DA:67,1
DA:69,1
DA:70,1
DA:71,1
DA:73,1
DA:74,1
DA:75,1
DA:76,1
DA:79,1
DA:82,1
DA:94,1
DA:95,1
DA:96,1
DA:100,1
DA:102,1
LF:57
LH:57
BRF:0
BRH:0
end_of_record
